<?xml version="1.0" encoding="UTF-8"?>
<testsuite errors="0" failures="82" name="LOGIN" skipped="0" tests="83" time="88.362446">
<testcase classname="LOGIN" name="Check Version" time="6.094314">
  <system-out/>
  <system-err/>
</testcase>
<testcase classname="LOGIN" name="Login : Empty fields error message" time="3.774874">
  <failure message="failed Login : Empty fields error message" type="failed">
    <![CDATA[Scenario: Login : Empty fields error message

Given I open 'nwab' site for the opco 'ie' in a logged out state
And I go to login page
When I login with '' as user name and '' as password
Then I see Login empty fields failure message

Message:
]]>
    <![CDATA[unexpected response, code=404, content-type=""
unknown command: session/61a9d9f6391e38daf5d133be8708e330/element/name (Selenium::WebDriver::Error::WebDriverError)
/usr/local/rvm/gems/ruby-1.9.3-p392/gems/selenium-webdriver-2.31.0/lib/selenium/webdriver/remote/http/common.rb:66:in `create_response'
/usr/local/rvm/gems/ruby-1.9.3-p392/gems/selenium-webdriver-2.31.0/lib/selenium/webdriver/remote/http/default.rb:66:in `request'
/usr/local/rvm/gems/ruby-1.9.3-p392/gems/selenium-webdriver-2.31.0/lib/selenium/webdriver/remote/http/common.rb:40:in `call'
/usr/local/rvm/gems/ruby-1.9.3-p392/gems/selenium-webdriver-2.31.0/lib/selenium/webdriver/remote/bridge.rb:616:in `raw_execute'
/usr/local/rvm/gems/ruby-1.9.3-p392/gems/selenium-webdriver-2.31.0/lib/selenium/webdriver/remote/bridge.rb:594:in `execute'
/usr/local/rvm/gems/ruby-1.9.3-p392/gems/selenium-webdriver-2.31.0/lib/selenium/webdriver/remote/bridge.rb:493:in `getElementTagName'
/usr/local/rvm/gems/ruby-1.9.3-p392/gems/selenium-webdriver-2.31.0/lib/selenium/webdriver/common/element.rb:68:in `tag_name'
/usr/local/rvm/gems/ruby-1.9.3-p392/gems/watir-webdriver-0.6.2/lib/watir-webdriver/locators/element_locator.rb:387:in `validate_element'
/usr/local/rvm/gems/ruby-1.9.3-p392/gems/watir-webdriver-0.6.2/lib/watir-webdriver/locators/element_locator.rb:37:in `locate'
/usr/local/rvm/gems/ruby-1.9.3-p392/gems/watir-webdriver-0.6.2/lib/watir-webdriver/elements/element.rb:509:in `locate'
/usr/local/rvm/gems/ruby-1.9.3-p392/gems/watir-webdriver-0.6.2/lib/watir-webdriver/elements/element.rb:487:in `assert_exists'
/usr/local/rvm/gems/ruby-1.9.3-p392/gems/watir-webdriver-0.6.2/lib/watir-webdriver/elements/element.rb:118:in `click'
/Users/Subhash/git/automated_tests_web_login_app/features/pages/MockServicePage.rb:13:in `visit'
/Users/Subhash/git/automated_tests_web_login_app/features/step_definitions/loginapp_steps.rb:17:in `block in <top (required)>'
/usr/local/rvm/gems/ruby-1.9.3-p392/bin/cucumber:19:in `load'
/usr/local/rvm/gems/ruby-1.9.3-p392/bin/cucumber:19:in `<main>'
/usr/local/rvm/gems/ruby-1.9.3-p392/bin/ruby_noexec_wrapper:14:in `eval'
/usr/local/rvm/gems/ruby-1.9.3-p392/bin/ruby_noexec_wrapper:14:in `<main>'
features/login.feature:10:in `Given I open 'nwab' site for the opco 'ie' in a logged out state']]>
  </failure>
  <system-out/>
  <system-err/>
</testcase>
<testcase classname="LOGIN" name="Group Login (outline example : | gb | music | usual_msisdn_2 | usual_password |)" time="0.417358">
  <failure message="failed Group Login (outline example : | gb | music | usual_msisdn_2 | usual_password |)" type="failed">
    <![CDATA[Scenario Outline: Group Login

Example row: | gb | music | usual_msisdn_2 | usual_password |

Message:
]]>
    <![CDATA[unexpected response, code=404, content-type=""
unknown command: session/61a9d9f6391e38daf5d133be8708e330/element/name (Selenium::WebDriver::Error::WebDriverError)
/usr/local/rvm/gems/ruby-1.9.3-p392/gems/selenium-webdriver-2.31.0/lib/selenium/webdriver/remote/http/common.rb:66:in `create_response'
/usr/local/rvm/gems/ruby-1.9.3-p392/gems/selenium-webdriver-2.31.0/lib/selenium/webdriver/remote/http/default.rb:66:in `request'
/usr/local/rvm/gems/ruby-1.9.3-p392/gems/selenium-webdriver-2.31.0/lib/selenium/webdriver/remote/http/common.rb:40:in `call'
/usr/local/rvm/gems/ruby-1.9.3-p392/gems/selenium-webdriver-2.31.0/lib/selenium/webdriver/remote/bridge.rb:616:in `raw_execute'
/usr/local/rvm/gems/ruby-1.9.3-p392/gems/selenium-webdriver-2.31.0/lib/selenium/webdriver/remote/bridge.rb:594:in `execute'
/usr/local/rvm/gems/ruby-1.9.3-p392/gems/selenium-webdriver-2.31.0/lib/selenium/webdriver/remote/bridge.rb:493:in `getElementTagName'
/usr/local/rvm/gems/ruby-1.9.3-p392/gems/selenium-webdriver-2.31.0/lib/selenium/webdriver/common/element.rb:68:in `tag_name'
/usr/local/rvm/gems/ruby-1.9.3-p392/gems/watir-webdriver-0.6.2/lib/watir-webdriver/locators/element_locator.rb:387:in `validate_element'
/usr/local/rvm/gems/ruby-1.9.3-p392/gems/watir-webdriver-0.6.2/lib/watir-webdriver/locators/element_locator.rb:37:in `locate'
/usr/local/rvm/gems/ruby-1.9.3-p392/gems/watir-webdriver-0.6.2/lib/watir-webdriver/elements/element.rb:509:in `locate'
/usr/local/rvm/gems/ruby-1.9.3-p392/gems/watir-webdriver-0.6.2/lib/watir-webdriver/elements/element.rb:487:in `assert_exists'
/usr/local/rvm/gems/ruby-1.9.3-p392/gems/watir-webdriver-0.6.2/lib/watir-webdriver/elements/element.rb:118:in `click'
/Users/Subhash/git/automated_tests_web_login_app/features/pages/MockServicePage.rb:13:in `visit'
/Users/Subhash/git/automated_tests_web_login_app/features/step_definitions/loginapp_steps.rb:17:in `block in <top (required)>'
/usr/local/rvm/gems/ruby-1.9.3-p392/gems/cucumber-1.2.3/lib/cucumber/core_ext/instance_exec.rb:48:in `instance_exec'
/usr/local/rvm/gems/ruby-1.9.3-p392/gems/cucumber-1.2.3/lib/cucumber/core_ext/instance_exec.rb:48:in `block in cucumber_instance_exec'
/usr/local/rvm/gems/ruby-1.9.3-p392/gems/cucumber-1.2.3/lib/cucumber/core_ext/instance_exec.rb:69:in `cucumber_run_with_backtrace_filtering'
/usr/local/rvm/gems/ruby-1.9.3-p392/gems/cucumber-1.2.3/lib/cucumber/core_ext/instance_exec.rb:36:in `cucumber_instance_exec'
/usr/local/rvm/gems/ruby-1.9.3-p392/gems/cucumber-1.2.3/lib/cucumber/rb_support/rb_step_definition.rb:97:in `invoke'
/usr/local/rvm/gems/ruby-1.9.3-p392/gems/cucumber-1.2.3/lib/cucumber/step_match.rb:25:in `invoke'
/usr/local/rvm/gems/ruby-1.9.3-p392/gems/cucumber-1.2.3/lib/cucumber/ast/step_invocation.rb:60:in `invoke'
/usr/local/rvm/gems/ruby-1.9.3-p392/gems/cucumber-1.2.3/lib/cucumber/ast/outline_table.rb:119:in `block (2 levels) in accept_plain'
/usr/local/rvm/gems/ruby-1.9.3-p392/gems/cucumber-1.2.3/lib/cucumber/ast/step_collection.rb:37:in `each'
/usr/local/rvm/gems/ruby-1.9.3-p392/gems/cucumber-1.2.3/lib/cucumber/ast/step_collection.rb:37:in `each'
/usr/local/rvm/gems/ruby-1.9.3-p392/gems/cucumber-1.2.3/lib/cucumber/ast/outline_table.rb:118:in `block in accept_plain'
/usr/local/rvm/gems/ruby-1.9.3-p392/gems/cucumber-1.2.3/lib/cucumber/runtime.rb:81:in `block (2 levels) in with_hooks'
/usr/local/rvm/gems/ruby-1.9.3-p392/gems/cucumber-1.2.3/lib/cucumber/runtime.rb:97:in `before_and_after'
/usr/local/rvm/gems/ruby-1.9.3-p392/gems/cucumber-1.2.3/lib/cucumber/runtime.rb:80:in `block in with_hooks'
/usr/local/rvm/gems/ruby-1.9.3-p392/gems/cucumber-1.2.3/lib/cucumber/runtime/support_code.rb:120:in `call'
/usr/local/rvm/gems/ruby-1.9.3-p392/gems/cucumber-1.2.3/lib/cucumber/runtime/support_code.rb:120:in `block (3 levels) in around'
/usr/local/rvm/gems/ruby-1.9.3-p392/gems/cucumber-1.2.3/lib/cucumber/language_support/language_methods.rb:9:in `block in around'
/usr/local/rvm/gems/ruby-1.9.3-p392/gems/cucumber-1.2.3/lib/cucumber/language_support/language_methods.rb:91:in `call'
/usr/local/rvm/gems/ruby-1.9.3-p392/gems/cucumber-1.2.3/lib/cucumber/language_support/language_methods.rb:91:in `execute_around'
/usr/local/rvm/gems/ruby-1.9.3-p392/gems/cucumber-1.2.3/lib/cucumber/language_support/language_methods.rb:8:in `around'
/usr/local/rvm/gems/ruby-1.9.3-p392/gems/cucumber-1.2.3/lib/cucumber/runtime/support_code.rb:119:in `block (2 levels) in around'
/usr/local/rvm/gems/ruby-1.9.3-p392/gems/cucumber-1.2.3/lib/cucumber/runtime/support_code.rb:117:in `call'
/usr/local/rvm/gems/ruby-1.9.3-p392/gems/cucumber-1.2.3/lib/cucumber/runtime/support_code.rb:117:in `around'
/usr/local/rvm/gems/ruby-1.9.3-p392/gems/cucumber-1.2.3/lib/cucumber/runtime.rb:92:in `around'
/usr/local/rvm/gems/ruby-1.9.3-p392/gems/cucumber-1.2.3/lib/cucumber/runtime.rb:79:in `with_hooks'
/usr/local/rvm/gems/ruby-1.9.3-p392/gems/cucumber-1.2.3/lib/cucumber/ast/outline_table.rb:117:in `accept_plain'
/usr/local/rvm/gems/ruby-1.9.3-p392/gems/cucumber-1.2.3/lib/cucumber/ast/outline_table.rb:107:in `accept'
/usr/local/rvm/gems/ruby-1.9.3-p392/gems/cucumber-1.2.3/lib/cucumber/ast/tree_walker.rb:131:in `block in visit_table_row'
/usr/local/rvm/gems/ruby-1.9.3-p392/gems/cucumber-1.2.3/lib/cucumber/ast/tree_walker.rb:163:in `broadcast'
/usr/local/rvm/gems/ruby-1.9.3-p392/gems/cucumber-1.2.3/lib/cucumber/ast/tree_walker.rb:130:in `visit_table_row'
/usr/local/rvm/gems/ruby-1.9.3-p392/gems/cucumber-1.2.3/lib/cucumber/ast/outline_table.rb:27:in `block in accept'
/usr/local/rvm/gems/ruby-1.9.3-p392/gems/cucumber-1.2.3/lib/cucumber/ast/outline_table.rb:23:in `each'
/usr/local/rvm/gems/ruby-1.9.3-p392/gems/cucumber-1.2.3/lib/cucumber/ast/outline_table.rb:23:in `each_with_index'
/usr/local/rvm/gems/ruby-1.9.3-p392/gems/cucumber-1.2.3/lib/cucumber/ast/outline_table.rb:23:in `accept'
/usr/local/rvm/gems/ruby-1.9.3-p392/gems/cucumber-1.2.3/lib/cucumber/ast/tree_walker.rb:83:in `block in visit_outline_table'
/usr/local/rvm/gems/ruby-1.9.3-p392/gems/cucumber-1.2.3/lib/cucumber/ast/tree_walker.rb:163:in `broadcast'
/usr/local/rvm/gems/ruby-1.9.3-p392/gems/cucumber-1.2.3/lib/cucumber/ast/tree_walker.rb:82:in `visit_outline_table'
/usr/local/rvm/gems/ruby-1.9.3-p392/gems/cucumber-1.2.3/lib/cucumber/ast/examples.rb:22:in `accept'
/usr/local/rvm/gems/ruby-1.9.3-p392/gems/cucumber-1.2.3/lib/cucumber/ast/tree_walker.rb:73:in `block in visit_examples'
/usr/local/rvm/gems/ruby-1.9.3-p392/gems/cucumber-1.2.3/lib/cucumber/ast/tree_walker.rb:163:in `broadcast'
/usr/local/rvm/gems/ruby-1.9.3-p392/gems/cucumber-1.2.3/lib/cucumber/ast/tree_walker.rb:72:in `visit_examples'
/usr/local/rvm/gems/ruby-1.9.3-p392/gems/cucumber-1.2.3/lib/cucumber/ast/scenario_outline.rb:14:in `block in accept'
/usr/local/rvm/gems/ruby-1.9.3-p392/gems/cucumber-1.2.3/lib/cucumber/ast/scenario_outline.rb:13:in `each'
/usr/local/rvm/gems/ruby-1.9.3-p392/gems/cucumber-1.2.3/lib/cucumber/ast/scenario_outline.rb:13:in `accept'
/usr/local/rvm/gems/ruby-1.9.3-p392/gems/cucumber-1.2.3/lib/cucumber/ast/tree_walker.rb:67:in `block in visit_examples_array'
/usr/local/rvm/gems/ruby-1.9.3-p392/gems/cucumber-1.2.3/lib/cucumber/ast/tree_walker.rb:163:in `broadcast'
/usr/local/rvm/gems/ruby-1.9.3-p392/gems/cucumber-1.2.3/lib/cucumber/ast/tree_walker.rb:66:in `visit_examples_array'
/usr/local/rvm/gems/ruby-1.9.3-p392/gems/cucumber-1.2.3/lib/cucumber/ast/scenario_outline.rb:68:in `accept'
/usr/local/rvm/gems/ruby-1.9.3-p392/gems/cucumber-1.2.3/lib/cucumber/ast/tree_walker.rb:51:in `block in visit_feature_element'
/usr/local/rvm/gems/ruby-1.9.3-p392/gems/cucumber-1.2.3/lib/cucumber/ast/tree_walker.rb:163:in `broadcast'
/usr/local/rvm/gems/ruby-1.9.3-p392/gems/cucumber-1.2.3/lib/cucumber/ast/tree_walker.rb:50:in `visit_feature_element'
/usr/local/rvm/gems/ruby-1.9.3-p392/gems/cucumber-1.2.3/lib/cucumber/ast/feature.rb:43:in `block in accept'
/usr/local/rvm/gems/ruby-1.9.3-p392/gems/cucumber-1.2.3/lib/cucumber/ast/feature.rb:42:in `each'
/usr/local/rvm/gems/ruby-1.9.3-p392/gems/cucumber-1.2.3/lib/cucumber/ast/feature.rb:42:in `accept'
/usr/local/rvm/gems/ruby-1.9.3-p392/gems/cucumber-1.2.3/lib/cucumber/ast/tree_walker.rb:20:in `block in visit_feature'
/usr/local/rvm/gems/ruby-1.9.3-p392/gems/cucumber-1.2.3/lib/cucumber/ast/tree_walker.rb:163:in `broadcast'
/usr/local/rvm/gems/ruby-1.9.3-p392/gems/cucumber-1.2.3/lib/cucumber/ast/tree_walker.rb:19:in `visit_feature'
/usr/local/rvm/gems/ruby-1.9.3-p392/gems/cucumber-1.2.3/lib/cucumber/ast/features.rb:29:in `block in accept'
/usr/local/rvm/gems/ruby-1.9.3-p392/gems/cucumber-1.2.3/lib/cucumber/ast/features.rb:17:in `each'
/usr/local/rvm/gems/ruby-1.9.3-p392/gems/cucumber-1.2.3/lib/cucumber/ast/features.rb:17:in `each'
/usr/local/rvm/gems/ruby-1.9.3-p392/gems/cucumber-1.2.3/lib/cucumber/ast/features.rb:28:in `accept'
/usr/local/rvm/gems/ruby-1.9.3-p392/gems/cucumber-1.2.3/lib/cucumber/ast/tree_walker.rb:14:in `block in visit_features'
/usr/local/rvm/gems/ruby-1.9.3-p392/gems/cucumber-1.2.3/lib/cucumber/ast/tree_walker.rb:163:in `broadcast'
/usr/local/rvm/gems/ruby-1.9.3-p392/gems/cucumber-1.2.3/lib/cucumber/ast/tree_walker.rb:13:in `visit_features'
/usr/local/rvm/gems/ruby-1.9.3-p392/gems/cucumber-1.2.3/lib/cucumber/runtime.rb:47:in `run!'
/usr/local/rvm/gems/ruby-1.9.3-p392/gems/cucumber-1.2.3/lib/cucumber/cli/main.rb:43:in `execute!'
/usr/local/rvm/gems/ruby-1.9.3-p392/gems/cucumber-1.2.3/lib/cucumber/cli/main.rb:20:in `execute'
/usr/local/rvm/gems/ruby-1.9.3-p392/gems/cucumber-1.2.3/bin/cucumber:14:in `<top (required)>'
/usr/local/rvm/gems/ruby-1.9.3-p392/bin/cucumber:19:in `load'
/usr/local/rvm/gems/ruby-1.9.3-p392/bin/cucumber:19:in `<main>'
/usr/local/rvm/gems/ruby-1.9.3-p392/bin/ruby_noexec_wrapper:14:in `eval'
/usr/local/rvm/gems/ruby-1.9.3-p392/bin/ruby_noexec_wrapper:14:in `<main>'
features/login.feature:17:in `Given I open '<service>' site for the opco '<opco>' in a logged out state']]>
  </failure>
  <system-out/>
  <system-err/>
</testcase>
<testcase classname="LOGIN" name="Group Login (outline example : | ie | contacts | usual_msisdn_2 | usual_password |)" time="0.502412">
  <failure message="failed Group Login (outline example : | ie | contacts | usual_msisdn_2 | usual_password |)" type="failed">
    <![CDATA[Scenario Outline: Group Login

Example row: | gb | music | usual_msisdn_2 | usual_password |

Message:
Example row: | ie | contacts | usual_msisdn_2 | usual_password |

Message:
]]>
    <![CDATA[unexpected response, code=404, content-type=""
unknown command: session/61a9d9f6391e38daf5d133be8708e330/element/name (Selenium::WebDriver::Error::WebDriverError)
/usr/local/rvm/gems/ruby-1.9.3-p392/gems/selenium-webdriver-2.31.0/lib/selenium/webdriver/remote/http/common.rb:66:in `create_response'
/usr/local/rvm/gems/ruby-1.9.3-p392/gems/selenium-webdriver-2.31.0/lib/selenium/webdriver/remote/http/default.rb:66:in `request'
/usr/local/rvm/gems/ruby-1.9.3-p392/gems/selenium-webdriver-2.31.0/lib/selenium/webdriver/remote/http/common.rb:40:in `call'
/usr/local/rvm/gems/ruby-1.9.3-p392/gems/selenium-webdriver-2.31.0/lib/selenium/webdriver/remote/bridge.rb:616:in `raw_execute'
/usr/local/rvm/gems/ruby-1.9.3-p392/gems/selenium-webdriver-2.31.0/lib/selenium/webdriver/remote/bridge.rb:594:in `execute'
/usr/local/rvm/gems/ruby-1.9.3-p392/gems/selenium-webdriver-2.31.0/lib/selenium/webdriver/remote/bridge.rb:493:in `getElementTagName'
/usr/local/rvm/gems/ruby-1.9.3-p392/gems/selenium-webdriver-2.31.0/lib/selenium/webdriver/common/element.rb:68:in `tag_name'
/usr/local/rvm/gems/ruby-1.9.3-p392/gems/watir-webdriver-0.6.2/lib/watir-webdriver/locators/element_locator.rb:387:in `validate_element'
/usr/local/rvm/gems/ruby-1.9.3-p392/gems/watir-webdriver-0.6.2/lib/watir-webdriver/locators/element_locator.rb:37:in `locate'
/usr/local/rvm/gems/ruby-1.9.3-p392/gems/watir-webdriver-0.6.2/lib/watir-webdriver/elements/element.rb:509:in `locate'
/usr/local/rvm/gems/ruby-1.9.3-p392/gems/watir-webdriver-0.6.2/lib/watir-webdriver/elements/element.rb:487:in `assert_exists'
/usr/local/rvm/gems/ruby-1.9.3-p392/gems/watir-webdriver-0.6.2/lib/watir-webdriver/elements/element.rb:118:in `click'
/Users/Subhash/git/automated_tests_web_login_app/features/pages/MockServicePage.rb:13:in `visit'
/Users/Subhash/git/automated_tests_web_login_app/features/step_definitions/loginapp_steps.rb:17:in `block in <top (required)>'
/usr/local/rvm/gems/ruby-1.9.3-p392/gems/cucumber-1.2.3/lib/cucumber/core_ext/instance_exec.rb:48:in `instance_exec'
/usr/local/rvm/gems/ruby-1.9.3-p392/gems/cucumber-1.2.3/lib/cucumber/core_ext/instance_exec.rb:48:in `block in cucumber_instance_exec'
/usr/local/rvm/gems/ruby-1.9.3-p392/gems/cucumber-1.2.3/lib/cucumber/core_ext/instance_exec.rb:69:in `cucumber_run_with_backtrace_filtering'
/usr/local/rvm/gems/ruby-1.9.3-p392/gems/cucumber-1.2.3/lib/cucumber/core_ext/instance_exec.rb:36:in `cucumber_instance_exec'
/usr/local/rvm/gems/ruby-1.9.3-p392/gems/cucumber-1.2.3/lib/cucumber/rb_support/rb_step_definition.rb:97:in `invoke'
/usr/local/rvm/gems/ruby-1.9.3-p392/gems/cucumber-1.2.3/lib/cucumber/step_match.rb:25:in `invoke'
/usr/local/rvm/gems/ruby-1.9.3-p392/gems/cucumber-1.2.3/lib/cucumber/ast/step_invocation.rb:60:in `invoke'
/usr/local/rvm/gems/ruby-1.9.3-p392/gems/cucumber-1.2.3/lib/cucumber/ast/outline_table.rb:119:in `block (2 levels) in accept_plain'
/usr/local/rvm/gems/ruby-1.9.3-p392/gems/cucumber-1.2.3/lib/cucumber/ast/step_collection.rb:37:in `each'
/usr/local/rvm/gems/ruby-1.9.3-p392/gems/cucumber-1.2.3/lib/cucumber/ast/step_collection.rb:37:in `each'
/usr/local/rvm/gems/ruby-1.9.3-p392/gems/cucumber-1.2.3/lib/cucumber/ast/outline_table.rb:118:in `block in accept_plain'
/usr/local/rvm/gems/ruby-1.9.3-p392/gems/cucumber-1.2.3/lib/cucumber/runtime.rb:81:in `block (2 levels) in with_hooks'
/usr/local/rvm/gems/ruby-1.9.3-p392/gems/cucumber-1.2.3/lib/cucumber/runtime.rb:97:in `before_and_after'
/usr/local/rvm/gems/ruby-1.9.3-p392/gems/cucumber-1.2.3/lib/cucumber/runtime.rb:80:in `block in with_hooks'
/usr/local/rvm/gems/ruby-1.9.3-p392/gems/cucumber-1.2.3/lib/cucumber/runtime/support_code.rb:120:in `call'
/usr/local/rvm/gems/ruby-1.9.3-p392/gems/cucumber-1.2.3/lib/cucumber/runtime/support_code.rb:120:in `block (3 levels) in around'
/usr/local/rvm/gems/ruby-1.9.3-p392/gems/cucumber-1.2.3/lib/cucumber/language_support/language_methods.rb:9:in `block in around'
/usr/local/rvm/gems/ruby-1.9.3-p392/gems/cucumber-1.2.3/lib/cucumber/language_support/language_methods.rb:91:in `call'
/usr/local/rvm/gems/ruby-1.9.3-p392/gems/cucumber-1.2.3/lib/cucumber/language_support/language_methods.rb:91:in `execute_around'
/usr/local/rvm/gems/ruby-1.9.3-p392/gems/cucumber-1.2.3/lib/cucumber/language_support/language_methods.rb:8:in `around'
/usr/local/rvm/gems/ruby-1.9.3-p392/gems/cucumber-1.2.3/lib/cucumber/runtime/support_code.rb:119:in `block (2 levels) in around'
/usr/local/rvm/gems/ruby-1.9.3-p392/gems/cucumber-1.2.3/lib/cucumber/runtime/support_code.rb:117:in `call'
/usr/local/rvm/gems/ruby-1.9.3-p392/gems/cucumber-1.2.3/lib/cucumber/runtime/support_code.rb:117:in `around'
/usr/local/rvm/gems/ruby-1.9.3-p392/gems/cucumber-1.2.3/lib/cucumber/runtime.rb:92:in `around'
/usr/local/rvm/gems/ruby-1.9.3-p392/gems/cucumber-1.2.3/lib/cucumber/runtime.rb:79:in `with_hooks'
/usr/local/rvm/gems/ruby-1.9.3-p392/gems/cucumber-1.2.3/lib/cucumber/ast/outline_table.rb:117:in `accept_plain'
/usr/local/rvm/gems/ruby-1.9.3-p392/gems/cucumber-1.2.3/lib/cucumber/ast/outline_table.rb:107:in `accept'
/usr/local/rvm/gems/ruby-1.9.3-p392/gems/cucumber-1.2.3/lib/cucumber/ast/tree_walker.rb:131:in `block in visit_table_row'
/usr/local/rvm/gems/ruby-1.9.3-p392/gems/cucumber-1.2.3/lib/cucumber/ast/tree_walker.rb:163:in `broadcast'
/usr/local/rvm/gems/ruby-1.9.3-p392/gems/cucumber-1.2.3/lib/cucumber/ast/tree_walker.rb:130:in `visit_table_row'
/usr/local/rvm/gems/ruby-1.9.3-p392/gems/cucumber-1.2.3/lib/cucumber/ast/outline_table.rb:27:in `block in accept'
/usr/local/rvm/gems/ruby-1.9.3-p392/gems/cucumber-1.2.3/lib/cucumber/ast/outline_table.rb:23:in `each'
/usr/local/rvm/gems/ruby-1.9.3-p392/gems/cucumber-1.2.3/lib/cucumber/ast/outline_table.rb:23:in `each_with_index'
/usr/local/rvm/gems/ruby-1.9.3-p392/gems/cucumber-1.2.3/lib/cucumber/ast/outline_table.rb:23:in `accept'
/usr/local/rvm/gems/ruby-1.9.3-p392/gems/cucumber-1.2.3/lib/cucumber/ast/tree_walker.rb:83:in `block in visit_outline_table'
/usr/local/rvm/gems/ruby-1.9.3-p392/gems/cucumber-1.2.3/lib/cucumber/ast/tree_walker.rb:163:in `broadcast'
/usr/local/rvm/gems/ruby-1.9.3-p392/gems/cucumber-1.2.3/lib/cucumber/ast/tree_walker.rb:82:in `visit_outline_table'
/usr/local/rvm/gems/ruby-1.9.3-p392/gems/cucumber-1.2.3/lib/cucumber/ast/examples.rb:22:in `accept'
/usr/local/rvm/gems/ruby-1.9.3-p392/gems/cucumber-1.2.3/lib/cucumber/ast/tree_walker.rb:73:in `block in visit_examples'
/usr/local/rvm/gems/ruby-1.9.3-p392/gems/cucumber-1.2.3/lib/cucumber/ast/tree_walker.rb:163:in `broadcast'
/usr/local/rvm/gems/ruby-1.9.3-p392/gems/cucumber-1.2.3/lib/cucumber/ast/tree_walker.rb:72:in `visit_examples'
/usr/local/rvm/gems/ruby-1.9.3-p392/gems/cucumber-1.2.3/lib/cucumber/ast/scenario_outline.rb:14:in `block in accept'
/usr/local/rvm/gems/ruby-1.9.3-p392/gems/cucumber-1.2.3/lib/cucumber/ast/scenario_outline.rb:13:in `each'
/usr/local/rvm/gems/ruby-1.9.3-p392/gems/cucumber-1.2.3/lib/cucumber/ast/scenario_outline.rb:13:in `accept'
/usr/local/rvm/gems/ruby-1.9.3-p392/gems/cucumber-1.2.3/lib/cucumber/ast/tree_walker.rb:67:in `block in visit_examples_array'
/usr/local/rvm/gems/ruby-1.9.3-p392/gems/cucumber-1.2.3/lib/cucumber/ast/tree_walker.rb:163:in `broadcast'
/usr/local/rvm/gems/ruby-1.9.3-p392/gems/cucumber-1.2.3/lib/cucumber/ast/tree_walker.rb:66:in `visit_examples_array'
/usr/local/rvm/gems/ruby-1.9.3-p392/gems/cucumber-1.2.3/lib/cucumber/ast/scenario_outline.rb:68:in `accept'
/usr/local/rvm/gems/ruby-1.9.3-p392/gems/cucumber-1.2.3/lib/cucumber/ast/tree_walker.rb:51:in `block in visit_feature_element'
/usr/local/rvm/gems/ruby-1.9.3-p392/gems/cucumber-1.2.3/lib/cucumber/ast/tree_walker.rb:163:in `broadcast'
/usr/local/rvm/gems/ruby-1.9.3-p392/gems/cucumber-1.2.3/lib/cucumber/ast/tree_walker.rb:50:in `visit_feature_element'
/usr/local/rvm/gems/ruby-1.9.3-p392/gems/cucumber-1.2.3/lib/cucumber/ast/feature.rb:43:in `block in accept'
/usr/local/rvm/gems/ruby-1.9.3-p392/gems/cucumber-1.2.3/lib/cucumber/ast/feature.rb:42:in `each'
/usr/local/rvm/gems/ruby-1.9.3-p392/gems/cucumber-1.2.3/lib/cucumber/ast/feature.rb:42:in `accept'
/usr/local/rvm/gems/ruby-1.9.3-p392/gems/cucumber-1.2.3/lib/cucumber/ast/tree_walker.rb:20:in `block in visit_feature'
/usr/local/rvm/gems/ruby-1.9.3-p392/gems/cucumber-1.2.3/lib/cucumber/ast/tree_walker.rb:163:in `broadcast'
/usr/local/rvm/gems/ruby-1.9.3-p392/gems/cucumber-1.2.3/lib/cucumber/ast/tree_walker.rb:19:in `visit_feature'
/usr/local/rvm/gems/ruby-1.9.3-p392/gems/cucumber-1.2.3/lib/cucumber/ast/features.rb:29:in `block in accept'
/usr/local/rvm/gems/ruby-1.9.3-p392/gems/cucumber-1.2.3/lib/cucumber/ast/features.rb:17:in `each'
/usr/local/rvm/gems/ruby-1.9.3-p392/gems/cucumber-1.2.3/lib/cucumber/ast/features.rb:17:in `each'
/usr/local/rvm/gems/ruby-1.9.3-p392/gems/cucumber-1.2.3/lib/cucumber/ast/features.rb:28:in `accept'
/usr/local/rvm/gems/ruby-1.9.3-p392/gems/cucumber-1.2.3/lib/cucumber/ast/tree_walker.rb:14:in `block in visit_features'
/usr/local/rvm/gems/ruby-1.9.3-p392/gems/cucumber-1.2.3/lib/cucumber/ast/tree_walker.rb:163:in `broadcast'
/usr/local/rvm/gems/ruby-1.9.3-p392/gems/cucumber-1.2.3/lib/cucumber/ast/tree_walker.rb:13:in `visit_features'
/usr/local/rvm/gems/ruby-1.9.3-p392/gems/cucumber-1.2.3/lib/cucumber/runtime.rb:47:in `run!'
/usr/local/rvm/gems/ruby-1.9.3-p392/gems/cucumber-1.2.3/lib/cucumber/cli/main.rb:43:in `execute!'
/usr/local/rvm/gems/ruby-1.9.3-p392/gems/cucumber-1.2.3/lib/cucumber/cli/main.rb:20:in `execute'
/usr/local/rvm/gems/ruby-1.9.3-p392/gems/cucumber-1.2.3/bin/cucumber:14:in `<top (required)>'
/usr/local/rvm/gems/ruby-1.9.3-p392/bin/cucumber:19:in `load'
/usr/local/rvm/gems/ruby-1.9.3-p392/bin/cucumber:19:in `<main>'
/usr/local/rvm/gems/ruby-1.9.3-p392/bin/ruby_noexec_wrapper:14:in `eval'
/usr/local/rvm/gems/ruby-1.9.3-p392/bin/ruby_noexec_wrapper:14:in `<main>'
features/login.feature:17:in `Given I open '<service>' site for the opco '<opco>' in a logged out state']]>
  </failure>
  <system-out/>
  <system-err/>
</testcase>
<testcase classname="LOGIN" name="Group Login (outline example : | ie | nwab | usual_msisdn_2 | usual_password |)" time="0.422430">
  <failure message="failed Group Login (outline example : | ie | nwab | usual_msisdn_2 | usual_password |)" type="failed">
    <![CDATA[Scenario Outline: Group Login

Example row: | gb | music | usual_msisdn_2 | usual_password |

Message:
Example row: | ie | contacts | usual_msisdn_2 | usual_password |

Message:
Example row: | ie | nwab | usual_msisdn_2 | usual_password |

Message:
]]>
    <![CDATA[unexpected response, code=404, content-type=""
unknown command: session/61a9d9f6391e38daf5d133be8708e330/element/name (Selenium::WebDriver::Error::WebDriverError)
/usr/local/rvm/gems/ruby-1.9.3-p392/gems/selenium-webdriver-2.31.0/lib/selenium/webdriver/remote/http/common.rb:66:in `create_response'
/usr/local/rvm/gems/ruby-1.9.3-p392/gems/selenium-webdriver-2.31.0/lib/selenium/webdriver/remote/http/default.rb:66:in `request'
/usr/local/rvm/gems/ruby-1.9.3-p392/gems/selenium-webdriver-2.31.0/lib/selenium/webdriver/remote/http/common.rb:40:in `call'
/usr/local/rvm/gems/ruby-1.9.3-p392/gems/selenium-webdriver-2.31.0/lib/selenium/webdriver/remote/bridge.rb:616:in `raw_execute'
/usr/local/rvm/gems/ruby-1.9.3-p392/gems/selenium-webdriver-2.31.0/lib/selenium/webdriver/remote/bridge.rb:594:in `execute'
/usr/local/rvm/gems/ruby-1.9.3-p392/gems/selenium-webdriver-2.31.0/lib/selenium/webdriver/remote/bridge.rb:493:in `getElementTagName'
/usr/local/rvm/gems/ruby-1.9.3-p392/gems/selenium-webdriver-2.31.0/lib/selenium/webdriver/common/element.rb:68:in `tag_name'
/usr/local/rvm/gems/ruby-1.9.3-p392/gems/watir-webdriver-0.6.2/lib/watir-webdriver/locators/element_locator.rb:387:in `validate_element'
/usr/local/rvm/gems/ruby-1.9.3-p392/gems/watir-webdriver-0.6.2/lib/watir-webdriver/locators/element_locator.rb:37:in `locate'
/usr/local/rvm/gems/ruby-1.9.3-p392/gems/watir-webdriver-0.6.2/lib/watir-webdriver/elements/element.rb:509:in `locate'
/usr/local/rvm/gems/ruby-1.9.3-p392/gems/watir-webdriver-0.6.2/lib/watir-webdriver/elements/element.rb:487:in `assert_exists'
/usr/local/rvm/gems/ruby-1.9.3-p392/gems/watir-webdriver-0.6.2/lib/watir-webdriver/elements/element.rb:118:in `click'
/Users/Subhash/git/automated_tests_web_login_app/features/pages/MockServicePage.rb:13:in `visit'
/Users/Subhash/git/automated_tests_web_login_app/features/step_definitions/loginapp_steps.rb:17:in `block in <top (required)>'
/usr/local/rvm/gems/ruby-1.9.3-p392/gems/cucumber-1.2.3/lib/cucumber/core_ext/instance_exec.rb:48:in `instance_exec'
/usr/local/rvm/gems/ruby-1.9.3-p392/gems/cucumber-1.2.3/lib/cucumber/core_ext/instance_exec.rb:48:in `block in cucumber_instance_exec'
/usr/local/rvm/gems/ruby-1.9.3-p392/gems/cucumber-1.2.3/lib/cucumber/core_ext/instance_exec.rb:69:in `cucumber_run_with_backtrace_filtering'
/usr/local/rvm/gems/ruby-1.9.3-p392/gems/cucumber-1.2.3/lib/cucumber/core_ext/instance_exec.rb:36:in `cucumber_instance_exec'
/usr/local/rvm/gems/ruby-1.9.3-p392/gems/cucumber-1.2.3/lib/cucumber/rb_support/rb_step_definition.rb:97:in `invoke'
/usr/local/rvm/gems/ruby-1.9.3-p392/gems/cucumber-1.2.3/lib/cucumber/step_match.rb:25:in `invoke'
/usr/local/rvm/gems/ruby-1.9.3-p392/gems/cucumber-1.2.3/lib/cucumber/ast/step_invocation.rb:60:in `invoke'
/usr/local/rvm/gems/ruby-1.9.3-p392/gems/cucumber-1.2.3/lib/cucumber/ast/outline_table.rb:119:in `block (2 levels) in accept_plain'
/usr/local/rvm/gems/ruby-1.9.3-p392/gems/cucumber-1.2.3/lib/cucumber/ast/step_collection.rb:37:in `each'
/usr/local/rvm/gems/ruby-1.9.3-p392/gems/cucumber-1.2.3/lib/cucumber/ast/step_collection.rb:37:in `each'
/usr/local/rvm/gems/ruby-1.9.3-p392/gems/cucumber-1.2.3/lib/cucumber/ast/outline_table.rb:118:in `block in accept_plain'
/usr/local/rvm/gems/ruby-1.9.3-p392/gems/cucumber-1.2.3/lib/cucumber/runtime.rb:81:in `block (2 levels) in with_hooks'
/usr/local/rvm/gems/ruby-1.9.3-p392/gems/cucumber-1.2.3/lib/cucumber/runtime.rb:97:in `before_and_after'
/usr/local/rvm/gems/ruby-1.9.3-p392/gems/cucumber-1.2.3/lib/cucumber/runtime.rb:80:in `block in with_hooks'
/usr/local/rvm/gems/ruby-1.9.3-p392/gems/cucumber-1.2.3/lib/cucumber/runtime/support_code.rb:120:in `call'
/usr/local/rvm/gems/ruby-1.9.3-p392/gems/cucumber-1.2.3/lib/cucumber/runtime/support_code.rb:120:in `block (3 levels) in around'
/usr/local/rvm/gems/ruby-1.9.3-p392/gems/cucumber-1.2.3/lib/cucumber/language_support/language_methods.rb:9:in `block in around'
/usr/local/rvm/gems/ruby-1.9.3-p392/gems/cucumber-1.2.3/lib/cucumber/language_support/language_methods.rb:91:in `call'
/usr/local/rvm/gems/ruby-1.9.3-p392/gems/cucumber-1.2.3/lib/cucumber/language_support/language_methods.rb:91:in `execute_around'
/usr/local/rvm/gems/ruby-1.9.3-p392/gems/cucumber-1.2.3/lib/cucumber/language_support/language_methods.rb:8:in `around'
/usr/local/rvm/gems/ruby-1.9.3-p392/gems/cucumber-1.2.3/lib/cucumber/runtime/support_code.rb:119:in `block (2 levels) in around'
/usr/local/rvm/gems/ruby-1.9.3-p392/gems/cucumber-1.2.3/lib/cucumber/runtime/support_code.rb:117:in `call'
/usr/local/rvm/gems/ruby-1.9.3-p392/gems/cucumber-1.2.3/lib/cucumber/runtime/support_code.rb:117:in `around'
/usr/local/rvm/gems/ruby-1.9.3-p392/gems/cucumber-1.2.3/lib/cucumber/runtime.rb:92:in `around'
/usr/local/rvm/gems/ruby-1.9.3-p392/gems/cucumber-1.2.3/lib/cucumber/runtime.rb:79:in `with_hooks'
/usr/local/rvm/gems/ruby-1.9.3-p392/gems/cucumber-1.2.3/lib/cucumber/ast/outline_table.rb:117:in `accept_plain'
/usr/local/rvm/gems/ruby-1.9.3-p392/gems/cucumber-1.2.3/lib/cucumber/ast/outline_table.rb:107:in `accept'
/usr/local/rvm/gems/ruby-1.9.3-p392/gems/cucumber-1.2.3/lib/cucumber/ast/tree_walker.rb:131:in `block in visit_table_row'
/usr/local/rvm/gems/ruby-1.9.3-p392/gems/cucumber-1.2.3/lib/cucumber/ast/tree_walker.rb:163:in `broadcast'
/usr/local/rvm/gems/ruby-1.9.3-p392/gems/cucumber-1.2.3/lib/cucumber/ast/tree_walker.rb:130:in `visit_table_row'
/usr/local/rvm/gems/ruby-1.9.3-p392/gems/cucumber-1.2.3/lib/cucumber/ast/outline_table.rb:27:in `block in accept'
/usr/local/rvm/gems/ruby-1.9.3-p392/gems/cucumber-1.2.3/lib/cucumber/ast/outline_table.rb:23:in `each'
/usr/local/rvm/gems/ruby-1.9.3-p392/gems/cucumber-1.2.3/lib/cucumber/ast/outline_table.rb:23:in `each_with_index'
/usr/local/rvm/gems/ruby-1.9.3-p392/gems/cucumber-1.2.3/lib/cucumber/ast/outline_table.rb:23:in `accept'
/usr/local/rvm/gems/ruby-1.9.3-p392/gems/cucumber-1.2.3/lib/cucumber/ast/tree_walker.rb:83:in `block in visit_outline_table'
/usr/local/rvm/gems/ruby-1.9.3-p392/gems/cucumber-1.2.3/lib/cucumber/ast/tree_walker.rb:163:in `broadcast'
/usr/local/rvm/gems/ruby-1.9.3-p392/gems/cucumber-1.2.3/lib/cucumber/ast/tree_walker.rb:82:in `visit_outline_table'
/usr/local/rvm/gems/ruby-1.9.3-p392/gems/cucumber-1.2.3/lib/cucumber/ast/examples.rb:22:in `accept'
/usr/local/rvm/gems/ruby-1.9.3-p392/gems/cucumber-1.2.3/lib/cucumber/ast/tree_walker.rb:73:in `block in visit_examples'
/usr/local/rvm/gems/ruby-1.9.3-p392/gems/cucumber-1.2.3/lib/cucumber/ast/tree_walker.rb:163:in `broadcast'
/usr/local/rvm/gems/ruby-1.9.3-p392/gems/cucumber-1.2.3/lib/cucumber/ast/tree_walker.rb:72:in `visit_examples'
/usr/local/rvm/gems/ruby-1.9.3-p392/gems/cucumber-1.2.3/lib/cucumber/ast/scenario_outline.rb:14:in `block in accept'
/usr/local/rvm/gems/ruby-1.9.3-p392/gems/cucumber-1.2.3/lib/cucumber/ast/scenario_outline.rb:13:in `each'
/usr/local/rvm/gems/ruby-1.9.3-p392/gems/cucumber-1.2.3/lib/cucumber/ast/scenario_outline.rb:13:in `accept'
/usr/local/rvm/gems/ruby-1.9.3-p392/gems/cucumber-1.2.3/lib/cucumber/ast/tree_walker.rb:67:in `block in visit_examples_array'
/usr/local/rvm/gems/ruby-1.9.3-p392/gems/cucumber-1.2.3/lib/cucumber/ast/tree_walker.rb:163:in `broadcast'
/usr/local/rvm/gems/ruby-1.9.3-p392/gems/cucumber-1.2.3/lib/cucumber/ast/tree_walker.rb:66:in `visit_examples_array'
/usr/local/rvm/gems/ruby-1.9.3-p392/gems/cucumber-1.2.3/lib/cucumber/ast/scenario_outline.rb:68:in `accept'
/usr/local/rvm/gems/ruby-1.9.3-p392/gems/cucumber-1.2.3/lib/cucumber/ast/tree_walker.rb:51:in `block in visit_feature_element'
/usr/local/rvm/gems/ruby-1.9.3-p392/gems/cucumber-1.2.3/lib/cucumber/ast/tree_walker.rb:163:in `broadcast'
/usr/local/rvm/gems/ruby-1.9.3-p392/gems/cucumber-1.2.3/lib/cucumber/ast/tree_walker.rb:50:in `visit_feature_element'
/usr/local/rvm/gems/ruby-1.9.3-p392/gems/cucumber-1.2.3/lib/cucumber/ast/feature.rb:43:in `block in accept'
/usr/local/rvm/gems/ruby-1.9.3-p392/gems/cucumber-1.2.3/lib/cucumber/ast/feature.rb:42:in `each'
/usr/local/rvm/gems/ruby-1.9.3-p392/gems/cucumber-1.2.3/lib/cucumber/ast/feature.rb:42:in `accept'
/usr/local/rvm/gems/ruby-1.9.3-p392/gems/cucumber-1.2.3/lib/cucumber/ast/tree_walker.rb:20:in `block in visit_feature'
/usr/local/rvm/gems/ruby-1.9.3-p392/gems/cucumber-1.2.3/lib/cucumber/ast/tree_walker.rb:163:in `broadcast'
/usr/local/rvm/gems/ruby-1.9.3-p392/gems/cucumber-1.2.3/lib/cucumber/ast/tree_walker.rb:19:in `visit_feature'
/usr/local/rvm/gems/ruby-1.9.3-p392/gems/cucumber-1.2.3/lib/cucumber/ast/features.rb:29:in `block in accept'
/usr/local/rvm/gems/ruby-1.9.3-p392/gems/cucumber-1.2.3/lib/cucumber/ast/features.rb:17:in `each'
/usr/local/rvm/gems/ruby-1.9.3-p392/gems/cucumber-1.2.3/lib/cucumber/ast/features.rb:17:in `each'
/usr/local/rvm/gems/ruby-1.9.3-p392/gems/cucumber-1.2.3/lib/cucumber/ast/features.rb:28:in `accept'
/usr/local/rvm/gems/ruby-1.9.3-p392/gems/cucumber-1.2.3/lib/cucumber/ast/tree_walker.rb:14:in `block in visit_features'
/usr/local/rvm/gems/ruby-1.9.3-p392/gems/cucumber-1.2.3/lib/cucumber/ast/tree_walker.rb:163:in `broadcast'
/usr/local/rvm/gems/ruby-1.9.3-p392/gems/cucumber-1.2.3/lib/cucumber/ast/tree_walker.rb:13:in `visit_features'
/usr/local/rvm/gems/ruby-1.9.3-p392/gems/cucumber-1.2.3/lib/cucumber/runtime.rb:47:in `run!'
/usr/local/rvm/gems/ruby-1.9.3-p392/gems/cucumber-1.2.3/lib/cucumber/cli/main.rb:43:in `execute!'
/usr/local/rvm/gems/ruby-1.9.3-p392/gems/cucumber-1.2.3/lib/cucumber/cli/main.rb:20:in `execute'
/usr/local/rvm/gems/ruby-1.9.3-p392/gems/cucumber-1.2.3/bin/cucumber:14:in `<top (required)>'
/usr/local/rvm/gems/ruby-1.9.3-p392/bin/cucumber:19:in `load'
/usr/local/rvm/gems/ruby-1.9.3-p392/bin/cucumber:19:in `<main>'
/usr/local/rvm/gems/ruby-1.9.3-p392/bin/ruby_noexec_wrapper:14:in `eval'
/usr/local/rvm/gems/ruby-1.9.3-p392/bin/ruby_noexec_wrapper:14:in `<main>'
features/login.feature:17:in `Given I open '<service>' site for the opco '<opco>' in a logged out state']]>
  </failure>
  <system-out/>
  <system-err/>
</testcase>
<testcase classname="LOGIN" name="Group Login (outline example : | ie | contentbackup | usual_msisdn_2 | usual_password |)" time="0.401650">
  <failure message="failed Group Login (outline example : | ie | contentbackup | usual_msisdn_2 | usual_password |)" type="failed">
    <![CDATA[Scenario Outline: Group Login

Example row: | gb | music | usual_msisdn_2 | usual_password |

Message:
Example row: | ie | contacts | usual_msisdn_2 | usual_password |

Message:
Example row: | ie | nwab | usual_msisdn_2 | usual_password |

Message:
Example row: | ie | contentbackup | usual_msisdn_2 | usual_password |

Message:
]]>
    <![CDATA[unexpected response, code=404, content-type=""
unknown command: session/61a9d9f6391e38daf5d133be8708e330/element/name (Selenium::WebDriver::Error::WebDriverError)
/usr/local/rvm/gems/ruby-1.9.3-p392/gems/selenium-webdriver-2.31.0/lib/selenium/webdriver/remote/http/common.rb:66:in `create_response'
/usr/local/rvm/gems/ruby-1.9.3-p392/gems/selenium-webdriver-2.31.0/lib/selenium/webdriver/remote/http/default.rb:66:in `request'
/usr/local/rvm/gems/ruby-1.9.3-p392/gems/selenium-webdriver-2.31.0/lib/selenium/webdriver/remote/http/common.rb:40:in `call'
/usr/local/rvm/gems/ruby-1.9.3-p392/gems/selenium-webdriver-2.31.0/lib/selenium/webdriver/remote/bridge.rb:616:in `raw_execute'
/usr/local/rvm/gems/ruby-1.9.3-p392/gems/selenium-webdriver-2.31.0/lib/selenium/webdriver/remote/bridge.rb:594:in `execute'
/usr/local/rvm/gems/ruby-1.9.3-p392/gems/selenium-webdriver-2.31.0/lib/selenium/webdriver/remote/bridge.rb:493:in `getElementTagName'
/usr/local/rvm/gems/ruby-1.9.3-p392/gems/selenium-webdriver-2.31.0/lib/selenium/webdriver/common/element.rb:68:in `tag_name'
/usr/local/rvm/gems/ruby-1.9.3-p392/gems/watir-webdriver-0.6.2/lib/watir-webdriver/locators/element_locator.rb:387:in `validate_element'
/usr/local/rvm/gems/ruby-1.9.3-p392/gems/watir-webdriver-0.6.2/lib/watir-webdriver/locators/element_locator.rb:37:in `locate'
/usr/local/rvm/gems/ruby-1.9.3-p392/gems/watir-webdriver-0.6.2/lib/watir-webdriver/elements/element.rb:509:in `locate'
/usr/local/rvm/gems/ruby-1.9.3-p392/gems/watir-webdriver-0.6.2/lib/watir-webdriver/elements/element.rb:487:in `assert_exists'
/usr/local/rvm/gems/ruby-1.9.3-p392/gems/watir-webdriver-0.6.2/lib/watir-webdriver/elements/element.rb:118:in `click'
/Users/Subhash/git/automated_tests_web_login_app/features/pages/MockServicePage.rb:13:in `visit'
/Users/Subhash/git/automated_tests_web_login_app/features/step_definitions/loginapp_steps.rb:17:in `block in <top (required)>'
/usr/local/rvm/gems/ruby-1.9.3-p392/gems/cucumber-1.2.3/lib/cucumber/core_ext/instance_exec.rb:48:in `instance_exec'
/usr/local/rvm/gems/ruby-1.9.3-p392/gems/cucumber-1.2.3/lib/cucumber/core_ext/instance_exec.rb:48:in `block in cucumber_instance_exec'
/usr/local/rvm/gems/ruby-1.9.3-p392/gems/cucumber-1.2.3/lib/cucumber/core_ext/instance_exec.rb:69:in `cucumber_run_with_backtrace_filtering'
/usr/local/rvm/gems/ruby-1.9.3-p392/gems/cucumber-1.2.3/lib/cucumber/core_ext/instance_exec.rb:36:in `cucumber_instance_exec'
/usr/local/rvm/gems/ruby-1.9.3-p392/gems/cucumber-1.2.3/lib/cucumber/rb_support/rb_step_definition.rb:97:in `invoke'
/usr/local/rvm/gems/ruby-1.9.3-p392/gems/cucumber-1.2.3/lib/cucumber/step_match.rb:25:in `invoke'
/usr/local/rvm/gems/ruby-1.9.3-p392/gems/cucumber-1.2.3/lib/cucumber/ast/step_invocation.rb:60:in `invoke'
/usr/local/rvm/gems/ruby-1.9.3-p392/gems/cucumber-1.2.3/lib/cucumber/ast/outline_table.rb:119:in `block (2 levels) in accept_plain'
/usr/local/rvm/gems/ruby-1.9.3-p392/gems/cucumber-1.2.3/lib/cucumber/ast/step_collection.rb:37:in `each'
/usr/local/rvm/gems/ruby-1.9.3-p392/gems/cucumber-1.2.3/lib/cucumber/ast/step_collection.rb:37:in `each'
/usr/local/rvm/gems/ruby-1.9.3-p392/gems/cucumber-1.2.3/lib/cucumber/ast/outline_table.rb:118:in `block in accept_plain'
/usr/local/rvm/gems/ruby-1.9.3-p392/gems/cucumber-1.2.3/lib/cucumber/runtime.rb:81:in `block (2 levels) in with_hooks'
/usr/local/rvm/gems/ruby-1.9.3-p392/gems/cucumber-1.2.3/lib/cucumber/runtime.rb:97:in `before_and_after'
/usr/local/rvm/gems/ruby-1.9.3-p392/gems/cucumber-1.2.3/lib/cucumber/runtime.rb:80:in `block in with_hooks'
/usr/local/rvm/gems/ruby-1.9.3-p392/gems/cucumber-1.2.3/lib/cucumber/runtime/support_code.rb:120:in `call'
/usr/local/rvm/gems/ruby-1.9.3-p392/gems/cucumber-1.2.3/lib/cucumber/runtime/support_code.rb:120:in `block (3 levels) in around'
/usr/local/rvm/gems/ruby-1.9.3-p392/gems/cucumber-1.2.3/lib/cucumber/language_support/language_methods.rb:9:in `block in around'
/usr/local/rvm/gems/ruby-1.9.3-p392/gems/cucumber-1.2.3/lib/cucumber/language_support/language_methods.rb:91:in `call'
/usr/local/rvm/gems/ruby-1.9.3-p392/gems/cucumber-1.2.3/lib/cucumber/language_support/language_methods.rb:91:in `execute_around'
/usr/local/rvm/gems/ruby-1.9.3-p392/gems/cucumber-1.2.3/lib/cucumber/language_support/language_methods.rb:8:in `around'
/usr/local/rvm/gems/ruby-1.9.3-p392/gems/cucumber-1.2.3/lib/cucumber/runtime/support_code.rb:119:in `block (2 levels) in around'
/usr/local/rvm/gems/ruby-1.9.3-p392/gems/cucumber-1.2.3/lib/cucumber/runtime/support_code.rb:117:in `call'
/usr/local/rvm/gems/ruby-1.9.3-p392/gems/cucumber-1.2.3/lib/cucumber/runtime/support_code.rb:117:in `around'
/usr/local/rvm/gems/ruby-1.9.3-p392/gems/cucumber-1.2.3/lib/cucumber/runtime.rb:92:in `around'
/usr/local/rvm/gems/ruby-1.9.3-p392/gems/cucumber-1.2.3/lib/cucumber/runtime.rb:79:in `with_hooks'
/usr/local/rvm/gems/ruby-1.9.3-p392/gems/cucumber-1.2.3/lib/cucumber/ast/outline_table.rb:117:in `accept_plain'
/usr/local/rvm/gems/ruby-1.9.3-p392/gems/cucumber-1.2.3/lib/cucumber/ast/outline_table.rb:107:in `accept'
/usr/local/rvm/gems/ruby-1.9.3-p392/gems/cucumber-1.2.3/lib/cucumber/ast/tree_walker.rb:131:in `block in visit_table_row'
/usr/local/rvm/gems/ruby-1.9.3-p392/gems/cucumber-1.2.3/lib/cucumber/ast/tree_walker.rb:163:in `broadcast'
/usr/local/rvm/gems/ruby-1.9.3-p392/gems/cucumber-1.2.3/lib/cucumber/ast/tree_walker.rb:130:in `visit_table_row'
/usr/local/rvm/gems/ruby-1.9.3-p392/gems/cucumber-1.2.3/lib/cucumber/ast/outline_table.rb:27:in `block in accept'
/usr/local/rvm/gems/ruby-1.9.3-p392/gems/cucumber-1.2.3/lib/cucumber/ast/outline_table.rb:23:in `each'
/usr/local/rvm/gems/ruby-1.9.3-p392/gems/cucumber-1.2.3/lib/cucumber/ast/outline_table.rb:23:in `each_with_index'
/usr/local/rvm/gems/ruby-1.9.3-p392/gems/cucumber-1.2.3/lib/cucumber/ast/outline_table.rb:23:in `accept'
/usr/local/rvm/gems/ruby-1.9.3-p392/gems/cucumber-1.2.3/lib/cucumber/ast/tree_walker.rb:83:in `block in visit_outline_table'
/usr/local/rvm/gems/ruby-1.9.3-p392/gems/cucumber-1.2.3/lib/cucumber/ast/tree_walker.rb:163:in `broadcast'
/usr/local/rvm/gems/ruby-1.9.3-p392/gems/cucumber-1.2.3/lib/cucumber/ast/tree_walker.rb:82:in `visit_outline_table'
/usr/local/rvm/gems/ruby-1.9.3-p392/gems/cucumber-1.2.3/lib/cucumber/ast/examples.rb:22:in `accept'
/usr/local/rvm/gems/ruby-1.9.3-p392/gems/cucumber-1.2.3/lib/cucumber/ast/tree_walker.rb:73:in `block in visit_examples'
/usr/local/rvm/gems/ruby-1.9.3-p392/gems/cucumber-1.2.3/lib/cucumber/ast/tree_walker.rb:163:in `broadcast'
/usr/local/rvm/gems/ruby-1.9.3-p392/gems/cucumber-1.2.3/lib/cucumber/ast/tree_walker.rb:72:in `visit_examples'
/usr/local/rvm/gems/ruby-1.9.3-p392/gems/cucumber-1.2.3/lib/cucumber/ast/scenario_outline.rb:14:in `block in accept'
/usr/local/rvm/gems/ruby-1.9.3-p392/gems/cucumber-1.2.3/lib/cucumber/ast/scenario_outline.rb:13:in `each'
/usr/local/rvm/gems/ruby-1.9.3-p392/gems/cucumber-1.2.3/lib/cucumber/ast/scenario_outline.rb:13:in `accept'
/usr/local/rvm/gems/ruby-1.9.3-p392/gems/cucumber-1.2.3/lib/cucumber/ast/tree_walker.rb:67:in `block in visit_examples_array'
/usr/local/rvm/gems/ruby-1.9.3-p392/gems/cucumber-1.2.3/lib/cucumber/ast/tree_walker.rb:163:in `broadcast'
/usr/local/rvm/gems/ruby-1.9.3-p392/gems/cucumber-1.2.3/lib/cucumber/ast/tree_walker.rb:66:in `visit_examples_array'
/usr/local/rvm/gems/ruby-1.9.3-p392/gems/cucumber-1.2.3/lib/cucumber/ast/scenario_outline.rb:68:in `accept'
/usr/local/rvm/gems/ruby-1.9.3-p392/gems/cucumber-1.2.3/lib/cucumber/ast/tree_walker.rb:51:in `block in visit_feature_element'
/usr/local/rvm/gems/ruby-1.9.3-p392/gems/cucumber-1.2.3/lib/cucumber/ast/tree_walker.rb:163:in `broadcast'
/usr/local/rvm/gems/ruby-1.9.3-p392/gems/cucumber-1.2.3/lib/cucumber/ast/tree_walker.rb:50:in `visit_feature_element'
/usr/local/rvm/gems/ruby-1.9.3-p392/gems/cucumber-1.2.3/lib/cucumber/ast/feature.rb:43:in `block in accept'
/usr/local/rvm/gems/ruby-1.9.3-p392/gems/cucumber-1.2.3/lib/cucumber/ast/feature.rb:42:in `each'
/usr/local/rvm/gems/ruby-1.9.3-p392/gems/cucumber-1.2.3/lib/cucumber/ast/feature.rb:42:in `accept'
/usr/local/rvm/gems/ruby-1.9.3-p392/gems/cucumber-1.2.3/lib/cucumber/ast/tree_walker.rb:20:in `block in visit_feature'
/usr/local/rvm/gems/ruby-1.9.3-p392/gems/cucumber-1.2.3/lib/cucumber/ast/tree_walker.rb:163:in `broadcast'
/usr/local/rvm/gems/ruby-1.9.3-p392/gems/cucumber-1.2.3/lib/cucumber/ast/tree_walker.rb:19:in `visit_feature'
/usr/local/rvm/gems/ruby-1.9.3-p392/gems/cucumber-1.2.3/lib/cucumber/ast/features.rb:29:in `block in accept'
/usr/local/rvm/gems/ruby-1.9.3-p392/gems/cucumber-1.2.3/lib/cucumber/ast/features.rb:17:in `each'
/usr/local/rvm/gems/ruby-1.9.3-p392/gems/cucumber-1.2.3/lib/cucumber/ast/features.rb:17:in `each'
/usr/local/rvm/gems/ruby-1.9.3-p392/gems/cucumber-1.2.3/lib/cucumber/ast/features.rb:28:in `accept'
/usr/local/rvm/gems/ruby-1.9.3-p392/gems/cucumber-1.2.3/lib/cucumber/ast/tree_walker.rb:14:in `block in visit_features'
/usr/local/rvm/gems/ruby-1.9.3-p392/gems/cucumber-1.2.3/lib/cucumber/ast/tree_walker.rb:163:in `broadcast'
/usr/local/rvm/gems/ruby-1.9.3-p392/gems/cucumber-1.2.3/lib/cucumber/ast/tree_walker.rb:13:in `visit_features'
/usr/local/rvm/gems/ruby-1.9.3-p392/gems/cucumber-1.2.3/lib/cucumber/runtime.rb:47:in `run!'
/usr/local/rvm/gems/ruby-1.9.3-p392/gems/cucumber-1.2.3/lib/cucumber/cli/main.rb:43:in `execute!'
/usr/local/rvm/gems/ruby-1.9.3-p392/gems/cucumber-1.2.3/lib/cucumber/cli/main.rb:20:in `execute'
/usr/local/rvm/gems/ruby-1.9.3-p392/gems/cucumber-1.2.3/bin/cucumber:14:in `<top (required)>'
/usr/local/rvm/gems/ruby-1.9.3-p392/bin/cucumber:19:in `load'
/usr/local/rvm/gems/ruby-1.9.3-p392/bin/cucumber:19:in `<main>'
/usr/local/rvm/gems/ruby-1.9.3-p392/bin/ruby_noexec_wrapper:14:in `eval'
/usr/local/rvm/gems/ruby-1.9.3-p392/bin/ruby_noexec_wrapper:14:in `<main>'
features/login.feature:17:in `Given I open '<service>' site for the opco '<opco>' in a logged out state']]>
  </failure>
  <system-out/>
  <system-err/>
</testcase>
<testcase classname="LOGIN" name="Group Login (outline example : | ie | music | usual_msisdn_2 | usual_password |)" time="0.503510">
  <failure message="failed Group Login (outline example : | ie | music | usual_msisdn_2 | usual_password |)" type="failed">
    <![CDATA[Scenario Outline: Group Login

Example row: | gb | music | usual_msisdn_2 | usual_password |

Message:
Example row: | ie | contacts | usual_msisdn_2 | usual_password |

Message:
Example row: | ie | nwab | usual_msisdn_2 | usual_password |

Message:
Example row: | ie | contentbackup | usual_msisdn_2 | usual_password |

Message:
Example row: | ie | music | usual_msisdn_2 | usual_password |

Message:
]]>
    <![CDATA[unexpected response, code=404, content-type=""
unknown command: session/61a9d9f6391e38daf5d133be8708e330/element/name (Selenium::WebDriver::Error::WebDriverError)
/usr/local/rvm/gems/ruby-1.9.3-p392/gems/selenium-webdriver-2.31.0/lib/selenium/webdriver/remote/http/common.rb:66:in `create_response'
/usr/local/rvm/gems/ruby-1.9.3-p392/gems/selenium-webdriver-2.31.0/lib/selenium/webdriver/remote/http/default.rb:66:in `request'
/usr/local/rvm/gems/ruby-1.9.3-p392/gems/selenium-webdriver-2.31.0/lib/selenium/webdriver/remote/http/common.rb:40:in `call'
/usr/local/rvm/gems/ruby-1.9.3-p392/gems/selenium-webdriver-2.31.0/lib/selenium/webdriver/remote/bridge.rb:616:in `raw_execute'
/usr/local/rvm/gems/ruby-1.9.3-p392/gems/selenium-webdriver-2.31.0/lib/selenium/webdriver/remote/bridge.rb:594:in `execute'
/usr/local/rvm/gems/ruby-1.9.3-p392/gems/selenium-webdriver-2.31.0/lib/selenium/webdriver/remote/bridge.rb:493:in `getElementTagName'
/usr/local/rvm/gems/ruby-1.9.3-p392/gems/selenium-webdriver-2.31.0/lib/selenium/webdriver/common/element.rb:68:in `tag_name'
/usr/local/rvm/gems/ruby-1.9.3-p392/gems/watir-webdriver-0.6.2/lib/watir-webdriver/locators/element_locator.rb:387:in `validate_element'
/usr/local/rvm/gems/ruby-1.9.3-p392/gems/watir-webdriver-0.6.2/lib/watir-webdriver/locators/element_locator.rb:37:in `locate'
/usr/local/rvm/gems/ruby-1.9.3-p392/gems/watir-webdriver-0.6.2/lib/watir-webdriver/elements/element.rb:509:in `locate'
/usr/local/rvm/gems/ruby-1.9.3-p392/gems/watir-webdriver-0.6.2/lib/watir-webdriver/elements/element.rb:487:in `assert_exists'
/usr/local/rvm/gems/ruby-1.9.3-p392/gems/watir-webdriver-0.6.2/lib/watir-webdriver/elements/element.rb:118:in `click'
/Users/Subhash/git/automated_tests_web_login_app/features/pages/MockServicePage.rb:13:in `visit'
/Users/Subhash/git/automated_tests_web_login_app/features/step_definitions/loginapp_steps.rb:17:in `block in <top (required)>'
/usr/local/rvm/gems/ruby-1.9.3-p392/gems/cucumber-1.2.3/lib/cucumber/core_ext/instance_exec.rb:48:in `instance_exec'
/usr/local/rvm/gems/ruby-1.9.3-p392/gems/cucumber-1.2.3/lib/cucumber/core_ext/instance_exec.rb:48:in `block in cucumber_instance_exec'
/usr/local/rvm/gems/ruby-1.9.3-p392/gems/cucumber-1.2.3/lib/cucumber/core_ext/instance_exec.rb:69:in `cucumber_run_with_backtrace_filtering'
/usr/local/rvm/gems/ruby-1.9.3-p392/gems/cucumber-1.2.3/lib/cucumber/core_ext/instance_exec.rb:36:in `cucumber_instance_exec'
/usr/local/rvm/gems/ruby-1.9.3-p392/gems/cucumber-1.2.3/lib/cucumber/rb_support/rb_step_definition.rb:97:in `invoke'
/usr/local/rvm/gems/ruby-1.9.3-p392/gems/cucumber-1.2.3/lib/cucumber/step_match.rb:25:in `invoke'
/usr/local/rvm/gems/ruby-1.9.3-p392/gems/cucumber-1.2.3/lib/cucumber/ast/step_invocation.rb:60:in `invoke'
/usr/local/rvm/gems/ruby-1.9.3-p392/gems/cucumber-1.2.3/lib/cucumber/ast/outline_table.rb:119:in `block (2 levels) in accept_plain'
/usr/local/rvm/gems/ruby-1.9.3-p392/gems/cucumber-1.2.3/lib/cucumber/ast/step_collection.rb:37:in `each'
/usr/local/rvm/gems/ruby-1.9.3-p392/gems/cucumber-1.2.3/lib/cucumber/ast/step_collection.rb:37:in `each'
/usr/local/rvm/gems/ruby-1.9.3-p392/gems/cucumber-1.2.3/lib/cucumber/ast/outline_table.rb:118:in `block in accept_plain'
/usr/local/rvm/gems/ruby-1.9.3-p392/gems/cucumber-1.2.3/lib/cucumber/runtime.rb:81:in `block (2 levels) in with_hooks'
/usr/local/rvm/gems/ruby-1.9.3-p392/gems/cucumber-1.2.3/lib/cucumber/runtime.rb:97:in `before_and_after'
/usr/local/rvm/gems/ruby-1.9.3-p392/gems/cucumber-1.2.3/lib/cucumber/runtime.rb:80:in `block in with_hooks'
/usr/local/rvm/gems/ruby-1.9.3-p392/gems/cucumber-1.2.3/lib/cucumber/runtime/support_code.rb:120:in `call'
/usr/local/rvm/gems/ruby-1.9.3-p392/gems/cucumber-1.2.3/lib/cucumber/runtime/support_code.rb:120:in `block (3 levels) in around'
/usr/local/rvm/gems/ruby-1.9.3-p392/gems/cucumber-1.2.3/lib/cucumber/language_support/language_methods.rb:9:in `block in around'
/usr/local/rvm/gems/ruby-1.9.3-p392/gems/cucumber-1.2.3/lib/cucumber/language_support/language_methods.rb:91:in `call'
/usr/local/rvm/gems/ruby-1.9.3-p392/gems/cucumber-1.2.3/lib/cucumber/language_support/language_methods.rb:91:in `execute_around'
/usr/local/rvm/gems/ruby-1.9.3-p392/gems/cucumber-1.2.3/lib/cucumber/language_support/language_methods.rb:8:in `around'
/usr/local/rvm/gems/ruby-1.9.3-p392/gems/cucumber-1.2.3/lib/cucumber/runtime/support_code.rb:119:in `block (2 levels) in around'
/usr/local/rvm/gems/ruby-1.9.3-p392/gems/cucumber-1.2.3/lib/cucumber/runtime/support_code.rb:117:in `call'
/usr/local/rvm/gems/ruby-1.9.3-p392/gems/cucumber-1.2.3/lib/cucumber/runtime/support_code.rb:117:in `around'
/usr/local/rvm/gems/ruby-1.9.3-p392/gems/cucumber-1.2.3/lib/cucumber/runtime.rb:92:in `around'
/usr/local/rvm/gems/ruby-1.9.3-p392/gems/cucumber-1.2.3/lib/cucumber/runtime.rb:79:in `with_hooks'
/usr/local/rvm/gems/ruby-1.9.3-p392/gems/cucumber-1.2.3/lib/cucumber/ast/outline_table.rb:117:in `accept_plain'
/usr/local/rvm/gems/ruby-1.9.3-p392/gems/cucumber-1.2.3/lib/cucumber/ast/outline_table.rb:107:in `accept'
/usr/local/rvm/gems/ruby-1.9.3-p392/gems/cucumber-1.2.3/lib/cucumber/ast/tree_walker.rb:131:in `block in visit_table_row'
/usr/local/rvm/gems/ruby-1.9.3-p392/gems/cucumber-1.2.3/lib/cucumber/ast/tree_walker.rb:163:in `broadcast'
/usr/local/rvm/gems/ruby-1.9.3-p392/gems/cucumber-1.2.3/lib/cucumber/ast/tree_walker.rb:130:in `visit_table_row'
/usr/local/rvm/gems/ruby-1.9.3-p392/gems/cucumber-1.2.3/lib/cucumber/ast/outline_table.rb:27:in `block in accept'
/usr/local/rvm/gems/ruby-1.9.3-p392/gems/cucumber-1.2.3/lib/cucumber/ast/outline_table.rb:23:in `each'
/usr/local/rvm/gems/ruby-1.9.3-p392/gems/cucumber-1.2.3/lib/cucumber/ast/outline_table.rb:23:in `each_with_index'
/usr/local/rvm/gems/ruby-1.9.3-p392/gems/cucumber-1.2.3/lib/cucumber/ast/outline_table.rb:23:in `accept'
/usr/local/rvm/gems/ruby-1.9.3-p392/gems/cucumber-1.2.3/lib/cucumber/ast/tree_walker.rb:83:in `block in visit_outline_table'
/usr/local/rvm/gems/ruby-1.9.3-p392/gems/cucumber-1.2.3/lib/cucumber/ast/tree_walker.rb:163:in `broadcast'
/usr/local/rvm/gems/ruby-1.9.3-p392/gems/cucumber-1.2.3/lib/cucumber/ast/tree_walker.rb:82:in `visit_outline_table'
/usr/local/rvm/gems/ruby-1.9.3-p392/gems/cucumber-1.2.3/lib/cucumber/ast/examples.rb:22:in `accept'
/usr/local/rvm/gems/ruby-1.9.3-p392/gems/cucumber-1.2.3/lib/cucumber/ast/tree_walker.rb:73:in `block in visit_examples'
/usr/local/rvm/gems/ruby-1.9.3-p392/gems/cucumber-1.2.3/lib/cucumber/ast/tree_walker.rb:163:in `broadcast'
/usr/local/rvm/gems/ruby-1.9.3-p392/gems/cucumber-1.2.3/lib/cucumber/ast/tree_walker.rb:72:in `visit_examples'
/usr/local/rvm/gems/ruby-1.9.3-p392/gems/cucumber-1.2.3/lib/cucumber/ast/scenario_outline.rb:14:in `block in accept'
/usr/local/rvm/gems/ruby-1.9.3-p392/gems/cucumber-1.2.3/lib/cucumber/ast/scenario_outline.rb:13:in `each'
/usr/local/rvm/gems/ruby-1.9.3-p392/gems/cucumber-1.2.3/lib/cucumber/ast/scenario_outline.rb:13:in `accept'
/usr/local/rvm/gems/ruby-1.9.3-p392/gems/cucumber-1.2.3/lib/cucumber/ast/tree_walker.rb:67:in `block in visit_examples_array'
/usr/local/rvm/gems/ruby-1.9.3-p392/gems/cucumber-1.2.3/lib/cucumber/ast/tree_walker.rb:163:in `broadcast'
/usr/local/rvm/gems/ruby-1.9.3-p392/gems/cucumber-1.2.3/lib/cucumber/ast/tree_walker.rb:66:in `visit_examples_array'
/usr/local/rvm/gems/ruby-1.9.3-p392/gems/cucumber-1.2.3/lib/cucumber/ast/scenario_outline.rb:68:in `accept'
/usr/local/rvm/gems/ruby-1.9.3-p392/gems/cucumber-1.2.3/lib/cucumber/ast/tree_walker.rb:51:in `block in visit_feature_element'
/usr/local/rvm/gems/ruby-1.9.3-p392/gems/cucumber-1.2.3/lib/cucumber/ast/tree_walker.rb:163:in `broadcast'
/usr/local/rvm/gems/ruby-1.9.3-p392/gems/cucumber-1.2.3/lib/cucumber/ast/tree_walker.rb:50:in `visit_feature_element'
/usr/local/rvm/gems/ruby-1.9.3-p392/gems/cucumber-1.2.3/lib/cucumber/ast/feature.rb:43:in `block in accept'
/usr/local/rvm/gems/ruby-1.9.3-p392/gems/cucumber-1.2.3/lib/cucumber/ast/feature.rb:42:in `each'
/usr/local/rvm/gems/ruby-1.9.3-p392/gems/cucumber-1.2.3/lib/cucumber/ast/feature.rb:42:in `accept'
/usr/local/rvm/gems/ruby-1.9.3-p392/gems/cucumber-1.2.3/lib/cucumber/ast/tree_walker.rb:20:in `block in visit_feature'
/usr/local/rvm/gems/ruby-1.9.3-p392/gems/cucumber-1.2.3/lib/cucumber/ast/tree_walker.rb:163:in `broadcast'
/usr/local/rvm/gems/ruby-1.9.3-p392/gems/cucumber-1.2.3/lib/cucumber/ast/tree_walker.rb:19:in `visit_feature'
/usr/local/rvm/gems/ruby-1.9.3-p392/gems/cucumber-1.2.3/lib/cucumber/ast/features.rb:29:in `block in accept'
/usr/local/rvm/gems/ruby-1.9.3-p392/gems/cucumber-1.2.3/lib/cucumber/ast/features.rb:17:in `each'
/usr/local/rvm/gems/ruby-1.9.3-p392/gems/cucumber-1.2.3/lib/cucumber/ast/features.rb:17:in `each'
/usr/local/rvm/gems/ruby-1.9.3-p392/gems/cucumber-1.2.3/lib/cucumber/ast/features.rb:28:in `accept'
/usr/local/rvm/gems/ruby-1.9.3-p392/gems/cucumber-1.2.3/lib/cucumber/ast/tree_walker.rb:14:in `block in visit_features'
/usr/local/rvm/gems/ruby-1.9.3-p392/gems/cucumber-1.2.3/lib/cucumber/ast/tree_walker.rb:163:in `broadcast'
/usr/local/rvm/gems/ruby-1.9.3-p392/gems/cucumber-1.2.3/lib/cucumber/ast/tree_walker.rb:13:in `visit_features'
/usr/local/rvm/gems/ruby-1.9.3-p392/gems/cucumber-1.2.3/lib/cucumber/runtime.rb:47:in `run!'
/usr/local/rvm/gems/ruby-1.9.3-p392/gems/cucumber-1.2.3/lib/cucumber/cli/main.rb:43:in `execute!'
/usr/local/rvm/gems/ruby-1.9.3-p392/gems/cucumber-1.2.3/lib/cucumber/cli/main.rb:20:in `execute'
/usr/local/rvm/gems/ruby-1.9.3-p392/gems/cucumber-1.2.3/bin/cucumber:14:in `<top (required)>'
/usr/local/rvm/gems/ruby-1.9.3-p392/bin/cucumber:19:in `load'
/usr/local/rvm/gems/ruby-1.9.3-p392/bin/cucumber:19:in `<main>'
/usr/local/rvm/gems/ruby-1.9.3-p392/bin/ruby_noexec_wrapper:14:in `eval'
/usr/local/rvm/gems/ruby-1.9.3-p392/bin/ruby_noexec_wrapper:14:in `<main>'
features/login.feature:17:in `Given I open '<service>' site for the opco '<opco>' in a logged out state']]>
  </failure>
  <system-out/>
  <system-err/>
</testcase>
<testcase classname="LOGIN" name="Group Login (outline example : | it | music | usual_msisdn_2 | usual_password |)" time="0.459563">
  <failure message="failed Group Login (outline example : | it | music | usual_msisdn_2 | usual_password |)" type="failed">
    <![CDATA[Scenario Outline: Group Login

Example row: | gb | music | usual_msisdn_2 | usual_password |

Message:
Example row: | ie | contacts | usual_msisdn_2 | usual_password |

Message:
Example row: | ie | nwab | usual_msisdn_2 | usual_password |

Message:
Example row: | ie | contentbackup | usual_msisdn_2 | usual_password |

Message:
Example row: | ie | music | usual_msisdn_2 | usual_password |

Message:
Example row: | it | music | usual_msisdn_2 | usual_password |

Message:
]]>
    <![CDATA[unexpected response, code=404, content-type=""
unknown command: session/61a9d9f6391e38daf5d133be8708e330/element/name (Selenium::WebDriver::Error::WebDriverError)
/usr/local/rvm/gems/ruby-1.9.3-p392/gems/selenium-webdriver-2.31.0/lib/selenium/webdriver/remote/http/common.rb:66:in `create_response'
/usr/local/rvm/gems/ruby-1.9.3-p392/gems/selenium-webdriver-2.31.0/lib/selenium/webdriver/remote/http/default.rb:66:in `request'
/usr/local/rvm/gems/ruby-1.9.3-p392/gems/selenium-webdriver-2.31.0/lib/selenium/webdriver/remote/http/common.rb:40:in `call'
/usr/local/rvm/gems/ruby-1.9.3-p392/gems/selenium-webdriver-2.31.0/lib/selenium/webdriver/remote/bridge.rb:616:in `raw_execute'
/usr/local/rvm/gems/ruby-1.9.3-p392/gems/selenium-webdriver-2.31.0/lib/selenium/webdriver/remote/bridge.rb:594:in `execute'
/usr/local/rvm/gems/ruby-1.9.3-p392/gems/selenium-webdriver-2.31.0/lib/selenium/webdriver/remote/bridge.rb:493:in `getElementTagName'
/usr/local/rvm/gems/ruby-1.9.3-p392/gems/selenium-webdriver-2.31.0/lib/selenium/webdriver/common/element.rb:68:in `tag_name'
/usr/local/rvm/gems/ruby-1.9.3-p392/gems/watir-webdriver-0.6.2/lib/watir-webdriver/locators/element_locator.rb:387:in `validate_element'
/usr/local/rvm/gems/ruby-1.9.3-p392/gems/watir-webdriver-0.6.2/lib/watir-webdriver/locators/element_locator.rb:37:in `locate'
/usr/local/rvm/gems/ruby-1.9.3-p392/gems/watir-webdriver-0.6.2/lib/watir-webdriver/elements/element.rb:509:in `locate'
/usr/local/rvm/gems/ruby-1.9.3-p392/gems/watir-webdriver-0.6.2/lib/watir-webdriver/elements/element.rb:487:in `assert_exists'
/usr/local/rvm/gems/ruby-1.9.3-p392/gems/watir-webdriver-0.6.2/lib/watir-webdriver/elements/element.rb:118:in `click'
/Users/Subhash/git/automated_tests_web_login_app/features/pages/MockServicePage.rb:13:in `visit'
/Users/Subhash/git/automated_tests_web_login_app/features/step_definitions/loginapp_steps.rb:17:in `block in <top (required)>'
/usr/local/rvm/gems/ruby-1.9.3-p392/gems/cucumber-1.2.3/lib/cucumber/core_ext/instance_exec.rb:48:in `instance_exec'
/usr/local/rvm/gems/ruby-1.9.3-p392/gems/cucumber-1.2.3/lib/cucumber/core_ext/instance_exec.rb:48:in `block in cucumber_instance_exec'
/usr/local/rvm/gems/ruby-1.9.3-p392/gems/cucumber-1.2.3/lib/cucumber/core_ext/instance_exec.rb:69:in `cucumber_run_with_backtrace_filtering'
/usr/local/rvm/gems/ruby-1.9.3-p392/gems/cucumber-1.2.3/lib/cucumber/core_ext/instance_exec.rb:36:in `cucumber_instance_exec'
/usr/local/rvm/gems/ruby-1.9.3-p392/gems/cucumber-1.2.3/lib/cucumber/rb_support/rb_step_definition.rb:97:in `invoke'
/usr/local/rvm/gems/ruby-1.9.3-p392/gems/cucumber-1.2.3/lib/cucumber/step_match.rb:25:in `invoke'
/usr/local/rvm/gems/ruby-1.9.3-p392/gems/cucumber-1.2.3/lib/cucumber/ast/step_invocation.rb:60:in `invoke'
/usr/local/rvm/gems/ruby-1.9.3-p392/gems/cucumber-1.2.3/lib/cucumber/ast/outline_table.rb:119:in `block (2 levels) in accept_plain'
/usr/local/rvm/gems/ruby-1.9.3-p392/gems/cucumber-1.2.3/lib/cucumber/ast/step_collection.rb:37:in `each'
/usr/local/rvm/gems/ruby-1.9.3-p392/gems/cucumber-1.2.3/lib/cucumber/ast/step_collection.rb:37:in `each'
/usr/local/rvm/gems/ruby-1.9.3-p392/gems/cucumber-1.2.3/lib/cucumber/ast/outline_table.rb:118:in `block in accept_plain'
/usr/local/rvm/gems/ruby-1.9.3-p392/gems/cucumber-1.2.3/lib/cucumber/runtime.rb:81:in `block (2 levels) in with_hooks'
/usr/local/rvm/gems/ruby-1.9.3-p392/gems/cucumber-1.2.3/lib/cucumber/runtime.rb:97:in `before_and_after'
/usr/local/rvm/gems/ruby-1.9.3-p392/gems/cucumber-1.2.3/lib/cucumber/runtime.rb:80:in `block in with_hooks'
/usr/local/rvm/gems/ruby-1.9.3-p392/gems/cucumber-1.2.3/lib/cucumber/runtime/support_code.rb:120:in `call'
/usr/local/rvm/gems/ruby-1.9.3-p392/gems/cucumber-1.2.3/lib/cucumber/runtime/support_code.rb:120:in `block (3 levels) in around'
/usr/local/rvm/gems/ruby-1.9.3-p392/gems/cucumber-1.2.3/lib/cucumber/language_support/language_methods.rb:9:in `block in around'
/usr/local/rvm/gems/ruby-1.9.3-p392/gems/cucumber-1.2.3/lib/cucumber/language_support/language_methods.rb:91:in `call'
/usr/local/rvm/gems/ruby-1.9.3-p392/gems/cucumber-1.2.3/lib/cucumber/language_support/language_methods.rb:91:in `execute_around'
/usr/local/rvm/gems/ruby-1.9.3-p392/gems/cucumber-1.2.3/lib/cucumber/language_support/language_methods.rb:8:in `around'
/usr/local/rvm/gems/ruby-1.9.3-p392/gems/cucumber-1.2.3/lib/cucumber/runtime/support_code.rb:119:in `block (2 levels) in around'
/usr/local/rvm/gems/ruby-1.9.3-p392/gems/cucumber-1.2.3/lib/cucumber/runtime/support_code.rb:117:in `call'
/usr/local/rvm/gems/ruby-1.9.3-p392/gems/cucumber-1.2.3/lib/cucumber/runtime/support_code.rb:117:in `around'
/usr/local/rvm/gems/ruby-1.9.3-p392/gems/cucumber-1.2.3/lib/cucumber/runtime.rb:92:in `around'
/usr/local/rvm/gems/ruby-1.9.3-p392/gems/cucumber-1.2.3/lib/cucumber/runtime.rb:79:in `with_hooks'
/usr/local/rvm/gems/ruby-1.9.3-p392/gems/cucumber-1.2.3/lib/cucumber/ast/outline_table.rb:117:in `accept_plain'
/usr/local/rvm/gems/ruby-1.9.3-p392/gems/cucumber-1.2.3/lib/cucumber/ast/outline_table.rb:107:in `accept'
/usr/local/rvm/gems/ruby-1.9.3-p392/gems/cucumber-1.2.3/lib/cucumber/ast/tree_walker.rb:131:in `block in visit_table_row'
/usr/local/rvm/gems/ruby-1.9.3-p392/gems/cucumber-1.2.3/lib/cucumber/ast/tree_walker.rb:163:in `broadcast'
/usr/local/rvm/gems/ruby-1.9.3-p392/gems/cucumber-1.2.3/lib/cucumber/ast/tree_walker.rb:130:in `visit_table_row'
/usr/local/rvm/gems/ruby-1.9.3-p392/gems/cucumber-1.2.3/lib/cucumber/ast/outline_table.rb:27:in `block in accept'
/usr/local/rvm/gems/ruby-1.9.3-p392/gems/cucumber-1.2.3/lib/cucumber/ast/outline_table.rb:23:in `each'
/usr/local/rvm/gems/ruby-1.9.3-p392/gems/cucumber-1.2.3/lib/cucumber/ast/outline_table.rb:23:in `each_with_index'
/usr/local/rvm/gems/ruby-1.9.3-p392/gems/cucumber-1.2.3/lib/cucumber/ast/outline_table.rb:23:in `accept'
/usr/local/rvm/gems/ruby-1.9.3-p392/gems/cucumber-1.2.3/lib/cucumber/ast/tree_walker.rb:83:in `block in visit_outline_table'
/usr/local/rvm/gems/ruby-1.9.3-p392/gems/cucumber-1.2.3/lib/cucumber/ast/tree_walker.rb:163:in `broadcast'
/usr/local/rvm/gems/ruby-1.9.3-p392/gems/cucumber-1.2.3/lib/cucumber/ast/tree_walker.rb:82:in `visit_outline_table'
/usr/local/rvm/gems/ruby-1.9.3-p392/gems/cucumber-1.2.3/lib/cucumber/ast/examples.rb:22:in `accept'
/usr/local/rvm/gems/ruby-1.9.3-p392/gems/cucumber-1.2.3/lib/cucumber/ast/tree_walker.rb:73:in `block in visit_examples'
/usr/local/rvm/gems/ruby-1.9.3-p392/gems/cucumber-1.2.3/lib/cucumber/ast/tree_walker.rb:163:in `broadcast'
/usr/local/rvm/gems/ruby-1.9.3-p392/gems/cucumber-1.2.3/lib/cucumber/ast/tree_walker.rb:72:in `visit_examples'
/usr/local/rvm/gems/ruby-1.9.3-p392/gems/cucumber-1.2.3/lib/cucumber/ast/scenario_outline.rb:14:in `block in accept'
/usr/local/rvm/gems/ruby-1.9.3-p392/gems/cucumber-1.2.3/lib/cucumber/ast/scenario_outline.rb:13:in `each'
/usr/local/rvm/gems/ruby-1.9.3-p392/gems/cucumber-1.2.3/lib/cucumber/ast/scenario_outline.rb:13:in `accept'
/usr/local/rvm/gems/ruby-1.9.3-p392/gems/cucumber-1.2.3/lib/cucumber/ast/tree_walker.rb:67:in `block in visit_examples_array'
/usr/local/rvm/gems/ruby-1.9.3-p392/gems/cucumber-1.2.3/lib/cucumber/ast/tree_walker.rb:163:in `broadcast'
/usr/local/rvm/gems/ruby-1.9.3-p392/gems/cucumber-1.2.3/lib/cucumber/ast/tree_walker.rb:66:in `visit_examples_array'
/usr/local/rvm/gems/ruby-1.9.3-p392/gems/cucumber-1.2.3/lib/cucumber/ast/scenario_outline.rb:68:in `accept'
/usr/local/rvm/gems/ruby-1.9.3-p392/gems/cucumber-1.2.3/lib/cucumber/ast/tree_walker.rb:51:in `block in visit_feature_element'
/usr/local/rvm/gems/ruby-1.9.3-p392/gems/cucumber-1.2.3/lib/cucumber/ast/tree_walker.rb:163:in `broadcast'
/usr/local/rvm/gems/ruby-1.9.3-p392/gems/cucumber-1.2.3/lib/cucumber/ast/tree_walker.rb:50:in `visit_feature_element'
/usr/local/rvm/gems/ruby-1.9.3-p392/gems/cucumber-1.2.3/lib/cucumber/ast/feature.rb:43:in `block in accept'
/usr/local/rvm/gems/ruby-1.9.3-p392/gems/cucumber-1.2.3/lib/cucumber/ast/feature.rb:42:in `each'
/usr/local/rvm/gems/ruby-1.9.3-p392/gems/cucumber-1.2.3/lib/cucumber/ast/feature.rb:42:in `accept'
/usr/local/rvm/gems/ruby-1.9.3-p392/gems/cucumber-1.2.3/lib/cucumber/ast/tree_walker.rb:20:in `block in visit_feature'
/usr/local/rvm/gems/ruby-1.9.3-p392/gems/cucumber-1.2.3/lib/cucumber/ast/tree_walker.rb:163:in `broadcast'
/usr/local/rvm/gems/ruby-1.9.3-p392/gems/cucumber-1.2.3/lib/cucumber/ast/tree_walker.rb:19:in `visit_feature'
/usr/local/rvm/gems/ruby-1.9.3-p392/gems/cucumber-1.2.3/lib/cucumber/ast/features.rb:29:in `block in accept'
/usr/local/rvm/gems/ruby-1.9.3-p392/gems/cucumber-1.2.3/lib/cucumber/ast/features.rb:17:in `each'
/usr/local/rvm/gems/ruby-1.9.3-p392/gems/cucumber-1.2.3/lib/cucumber/ast/features.rb:17:in `each'
/usr/local/rvm/gems/ruby-1.9.3-p392/gems/cucumber-1.2.3/lib/cucumber/ast/features.rb:28:in `accept'
/usr/local/rvm/gems/ruby-1.9.3-p392/gems/cucumber-1.2.3/lib/cucumber/ast/tree_walker.rb:14:in `block in visit_features'
/usr/local/rvm/gems/ruby-1.9.3-p392/gems/cucumber-1.2.3/lib/cucumber/ast/tree_walker.rb:163:in `broadcast'
/usr/local/rvm/gems/ruby-1.9.3-p392/gems/cucumber-1.2.3/lib/cucumber/ast/tree_walker.rb:13:in `visit_features'
/usr/local/rvm/gems/ruby-1.9.3-p392/gems/cucumber-1.2.3/lib/cucumber/runtime.rb:47:in `run!'
/usr/local/rvm/gems/ruby-1.9.3-p392/gems/cucumber-1.2.3/lib/cucumber/cli/main.rb:43:in `execute!'
/usr/local/rvm/gems/ruby-1.9.3-p392/gems/cucumber-1.2.3/lib/cucumber/cli/main.rb:20:in `execute'
/usr/local/rvm/gems/ruby-1.9.3-p392/gems/cucumber-1.2.3/bin/cucumber:14:in `<top (required)>'
/usr/local/rvm/gems/ruby-1.9.3-p392/bin/cucumber:19:in `load'
/usr/local/rvm/gems/ruby-1.9.3-p392/bin/cucumber:19:in `<main>'
/usr/local/rvm/gems/ruby-1.9.3-p392/bin/ruby_noexec_wrapper:14:in `eval'
/usr/local/rvm/gems/ruby-1.9.3-p392/bin/ruby_noexec_wrapper:14:in `<main>'
features/login.feature:17:in `Given I open '<service>' site for the opco '<opco>' in a logged out state']]>
  </failure>
  <system-out/>
  <system-err/>
</testcase>
<testcase classname="LOGIN" name="Group Login (outline example : | it | contacts | usual_msisdn_2 | usual_password |)" time="0.438437">
  <failure message="failed Group Login (outline example : | it | contacts | usual_msisdn_2 | usual_password |)" type="failed">
    <![CDATA[Scenario Outline: Group Login

Example row: | gb | music | usual_msisdn_2 | usual_password |

Message:
Example row: | ie | contacts | usual_msisdn_2 | usual_password |

Message:
Example row: | ie | nwab | usual_msisdn_2 | usual_password |

Message:
Example row: | ie | contentbackup | usual_msisdn_2 | usual_password |

Message:
Example row: | ie | music | usual_msisdn_2 | usual_password |

Message:
Example row: | it | music | usual_msisdn_2 | usual_password |

Message:
Example row: | it | contacts | usual_msisdn_2 | usual_password |

Message:
]]>
    <![CDATA[unexpected response, code=404, content-type=""
unknown command: session/61a9d9f6391e38daf5d133be8708e330/element/name (Selenium::WebDriver::Error::WebDriverError)
/usr/local/rvm/gems/ruby-1.9.3-p392/gems/selenium-webdriver-2.31.0/lib/selenium/webdriver/remote/http/common.rb:66:in `create_response'
/usr/local/rvm/gems/ruby-1.9.3-p392/gems/selenium-webdriver-2.31.0/lib/selenium/webdriver/remote/http/default.rb:66:in `request'
/usr/local/rvm/gems/ruby-1.9.3-p392/gems/selenium-webdriver-2.31.0/lib/selenium/webdriver/remote/http/common.rb:40:in `call'
/usr/local/rvm/gems/ruby-1.9.3-p392/gems/selenium-webdriver-2.31.0/lib/selenium/webdriver/remote/bridge.rb:616:in `raw_execute'
/usr/local/rvm/gems/ruby-1.9.3-p392/gems/selenium-webdriver-2.31.0/lib/selenium/webdriver/remote/bridge.rb:594:in `execute'
/usr/local/rvm/gems/ruby-1.9.3-p392/gems/selenium-webdriver-2.31.0/lib/selenium/webdriver/remote/bridge.rb:493:in `getElementTagName'
/usr/local/rvm/gems/ruby-1.9.3-p392/gems/selenium-webdriver-2.31.0/lib/selenium/webdriver/common/element.rb:68:in `tag_name'
/usr/local/rvm/gems/ruby-1.9.3-p392/gems/watir-webdriver-0.6.2/lib/watir-webdriver/locators/element_locator.rb:387:in `validate_element'
/usr/local/rvm/gems/ruby-1.9.3-p392/gems/watir-webdriver-0.6.2/lib/watir-webdriver/locators/element_locator.rb:37:in `locate'
/usr/local/rvm/gems/ruby-1.9.3-p392/gems/watir-webdriver-0.6.2/lib/watir-webdriver/elements/element.rb:509:in `locate'
/usr/local/rvm/gems/ruby-1.9.3-p392/gems/watir-webdriver-0.6.2/lib/watir-webdriver/elements/element.rb:487:in `assert_exists'
/usr/local/rvm/gems/ruby-1.9.3-p392/gems/watir-webdriver-0.6.2/lib/watir-webdriver/elements/element.rb:118:in `click'
/Users/Subhash/git/automated_tests_web_login_app/features/pages/MockServicePage.rb:13:in `visit'
/Users/Subhash/git/automated_tests_web_login_app/features/step_definitions/loginapp_steps.rb:17:in `block in <top (required)>'
/usr/local/rvm/gems/ruby-1.9.3-p392/gems/cucumber-1.2.3/lib/cucumber/core_ext/instance_exec.rb:48:in `instance_exec'
/usr/local/rvm/gems/ruby-1.9.3-p392/gems/cucumber-1.2.3/lib/cucumber/core_ext/instance_exec.rb:48:in `block in cucumber_instance_exec'
/usr/local/rvm/gems/ruby-1.9.3-p392/gems/cucumber-1.2.3/lib/cucumber/core_ext/instance_exec.rb:69:in `cucumber_run_with_backtrace_filtering'
/usr/local/rvm/gems/ruby-1.9.3-p392/gems/cucumber-1.2.3/lib/cucumber/core_ext/instance_exec.rb:36:in `cucumber_instance_exec'
/usr/local/rvm/gems/ruby-1.9.3-p392/gems/cucumber-1.2.3/lib/cucumber/rb_support/rb_step_definition.rb:97:in `invoke'
/usr/local/rvm/gems/ruby-1.9.3-p392/gems/cucumber-1.2.3/lib/cucumber/step_match.rb:25:in `invoke'
/usr/local/rvm/gems/ruby-1.9.3-p392/gems/cucumber-1.2.3/lib/cucumber/ast/step_invocation.rb:60:in `invoke'
/usr/local/rvm/gems/ruby-1.9.3-p392/gems/cucumber-1.2.3/lib/cucumber/ast/outline_table.rb:119:in `block (2 levels) in accept_plain'
/usr/local/rvm/gems/ruby-1.9.3-p392/gems/cucumber-1.2.3/lib/cucumber/ast/step_collection.rb:37:in `each'
/usr/local/rvm/gems/ruby-1.9.3-p392/gems/cucumber-1.2.3/lib/cucumber/ast/step_collection.rb:37:in `each'
/usr/local/rvm/gems/ruby-1.9.3-p392/gems/cucumber-1.2.3/lib/cucumber/ast/outline_table.rb:118:in `block in accept_plain'
/usr/local/rvm/gems/ruby-1.9.3-p392/gems/cucumber-1.2.3/lib/cucumber/runtime.rb:81:in `block (2 levels) in with_hooks'
/usr/local/rvm/gems/ruby-1.9.3-p392/gems/cucumber-1.2.3/lib/cucumber/runtime.rb:97:in `before_and_after'
/usr/local/rvm/gems/ruby-1.9.3-p392/gems/cucumber-1.2.3/lib/cucumber/runtime.rb:80:in `block in with_hooks'
/usr/local/rvm/gems/ruby-1.9.3-p392/gems/cucumber-1.2.3/lib/cucumber/runtime/support_code.rb:120:in `call'
/usr/local/rvm/gems/ruby-1.9.3-p392/gems/cucumber-1.2.3/lib/cucumber/runtime/support_code.rb:120:in `block (3 levels) in around'
/usr/local/rvm/gems/ruby-1.9.3-p392/gems/cucumber-1.2.3/lib/cucumber/language_support/language_methods.rb:9:in `block in around'
/usr/local/rvm/gems/ruby-1.9.3-p392/gems/cucumber-1.2.3/lib/cucumber/language_support/language_methods.rb:91:in `call'
/usr/local/rvm/gems/ruby-1.9.3-p392/gems/cucumber-1.2.3/lib/cucumber/language_support/language_methods.rb:91:in `execute_around'
/usr/local/rvm/gems/ruby-1.9.3-p392/gems/cucumber-1.2.3/lib/cucumber/language_support/language_methods.rb:8:in `around'
/usr/local/rvm/gems/ruby-1.9.3-p392/gems/cucumber-1.2.3/lib/cucumber/runtime/support_code.rb:119:in `block (2 levels) in around'
/usr/local/rvm/gems/ruby-1.9.3-p392/gems/cucumber-1.2.3/lib/cucumber/runtime/support_code.rb:117:in `call'
/usr/local/rvm/gems/ruby-1.9.3-p392/gems/cucumber-1.2.3/lib/cucumber/runtime/support_code.rb:117:in `around'
/usr/local/rvm/gems/ruby-1.9.3-p392/gems/cucumber-1.2.3/lib/cucumber/runtime.rb:92:in `around'
/usr/local/rvm/gems/ruby-1.9.3-p392/gems/cucumber-1.2.3/lib/cucumber/runtime.rb:79:in `with_hooks'
/usr/local/rvm/gems/ruby-1.9.3-p392/gems/cucumber-1.2.3/lib/cucumber/ast/outline_table.rb:117:in `accept_plain'
/usr/local/rvm/gems/ruby-1.9.3-p392/gems/cucumber-1.2.3/lib/cucumber/ast/outline_table.rb:107:in `accept'
/usr/local/rvm/gems/ruby-1.9.3-p392/gems/cucumber-1.2.3/lib/cucumber/ast/tree_walker.rb:131:in `block in visit_table_row'
/usr/local/rvm/gems/ruby-1.9.3-p392/gems/cucumber-1.2.3/lib/cucumber/ast/tree_walker.rb:163:in `broadcast'
/usr/local/rvm/gems/ruby-1.9.3-p392/gems/cucumber-1.2.3/lib/cucumber/ast/tree_walker.rb:130:in `visit_table_row'
/usr/local/rvm/gems/ruby-1.9.3-p392/gems/cucumber-1.2.3/lib/cucumber/ast/outline_table.rb:27:in `block in accept'
/usr/local/rvm/gems/ruby-1.9.3-p392/gems/cucumber-1.2.3/lib/cucumber/ast/outline_table.rb:23:in `each'
/usr/local/rvm/gems/ruby-1.9.3-p392/gems/cucumber-1.2.3/lib/cucumber/ast/outline_table.rb:23:in `each_with_index'
/usr/local/rvm/gems/ruby-1.9.3-p392/gems/cucumber-1.2.3/lib/cucumber/ast/outline_table.rb:23:in `accept'
/usr/local/rvm/gems/ruby-1.9.3-p392/gems/cucumber-1.2.3/lib/cucumber/ast/tree_walker.rb:83:in `block in visit_outline_table'
/usr/local/rvm/gems/ruby-1.9.3-p392/gems/cucumber-1.2.3/lib/cucumber/ast/tree_walker.rb:163:in `broadcast'
/usr/local/rvm/gems/ruby-1.9.3-p392/gems/cucumber-1.2.3/lib/cucumber/ast/tree_walker.rb:82:in `visit_outline_table'
/usr/local/rvm/gems/ruby-1.9.3-p392/gems/cucumber-1.2.3/lib/cucumber/ast/examples.rb:22:in `accept'
/usr/local/rvm/gems/ruby-1.9.3-p392/gems/cucumber-1.2.3/lib/cucumber/ast/tree_walker.rb:73:in `block in visit_examples'
/usr/local/rvm/gems/ruby-1.9.3-p392/gems/cucumber-1.2.3/lib/cucumber/ast/tree_walker.rb:163:in `broadcast'
/usr/local/rvm/gems/ruby-1.9.3-p392/gems/cucumber-1.2.3/lib/cucumber/ast/tree_walker.rb:72:in `visit_examples'
/usr/local/rvm/gems/ruby-1.9.3-p392/gems/cucumber-1.2.3/lib/cucumber/ast/scenario_outline.rb:14:in `block in accept'
/usr/local/rvm/gems/ruby-1.9.3-p392/gems/cucumber-1.2.3/lib/cucumber/ast/scenario_outline.rb:13:in `each'
/usr/local/rvm/gems/ruby-1.9.3-p392/gems/cucumber-1.2.3/lib/cucumber/ast/scenario_outline.rb:13:in `accept'
/usr/local/rvm/gems/ruby-1.9.3-p392/gems/cucumber-1.2.3/lib/cucumber/ast/tree_walker.rb:67:in `block in visit_examples_array'
/usr/local/rvm/gems/ruby-1.9.3-p392/gems/cucumber-1.2.3/lib/cucumber/ast/tree_walker.rb:163:in `broadcast'
/usr/local/rvm/gems/ruby-1.9.3-p392/gems/cucumber-1.2.3/lib/cucumber/ast/tree_walker.rb:66:in `visit_examples_array'
/usr/local/rvm/gems/ruby-1.9.3-p392/gems/cucumber-1.2.3/lib/cucumber/ast/scenario_outline.rb:68:in `accept'
/usr/local/rvm/gems/ruby-1.9.3-p392/gems/cucumber-1.2.3/lib/cucumber/ast/tree_walker.rb:51:in `block in visit_feature_element'
/usr/local/rvm/gems/ruby-1.9.3-p392/gems/cucumber-1.2.3/lib/cucumber/ast/tree_walker.rb:163:in `broadcast'
/usr/local/rvm/gems/ruby-1.9.3-p392/gems/cucumber-1.2.3/lib/cucumber/ast/tree_walker.rb:50:in `visit_feature_element'
/usr/local/rvm/gems/ruby-1.9.3-p392/gems/cucumber-1.2.3/lib/cucumber/ast/feature.rb:43:in `block in accept'
/usr/local/rvm/gems/ruby-1.9.3-p392/gems/cucumber-1.2.3/lib/cucumber/ast/feature.rb:42:in `each'
/usr/local/rvm/gems/ruby-1.9.3-p392/gems/cucumber-1.2.3/lib/cucumber/ast/feature.rb:42:in `accept'
/usr/local/rvm/gems/ruby-1.9.3-p392/gems/cucumber-1.2.3/lib/cucumber/ast/tree_walker.rb:20:in `block in visit_feature'
/usr/local/rvm/gems/ruby-1.9.3-p392/gems/cucumber-1.2.3/lib/cucumber/ast/tree_walker.rb:163:in `broadcast'
/usr/local/rvm/gems/ruby-1.9.3-p392/gems/cucumber-1.2.3/lib/cucumber/ast/tree_walker.rb:19:in `visit_feature'
/usr/local/rvm/gems/ruby-1.9.3-p392/gems/cucumber-1.2.3/lib/cucumber/ast/features.rb:29:in `block in accept'
/usr/local/rvm/gems/ruby-1.9.3-p392/gems/cucumber-1.2.3/lib/cucumber/ast/features.rb:17:in `each'
/usr/local/rvm/gems/ruby-1.9.3-p392/gems/cucumber-1.2.3/lib/cucumber/ast/features.rb:17:in `each'
/usr/local/rvm/gems/ruby-1.9.3-p392/gems/cucumber-1.2.3/lib/cucumber/ast/features.rb:28:in `accept'
/usr/local/rvm/gems/ruby-1.9.3-p392/gems/cucumber-1.2.3/lib/cucumber/ast/tree_walker.rb:14:in `block in visit_features'
/usr/local/rvm/gems/ruby-1.9.3-p392/gems/cucumber-1.2.3/lib/cucumber/ast/tree_walker.rb:163:in `broadcast'
/usr/local/rvm/gems/ruby-1.9.3-p392/gems/cucumber-1.2.3/lib/cucumber/ast/tree_walker.rb:13:in `visit_features'
/usr/local/rvm/gems/ruby-1.9.3-p392/gems/cucumber-1.2.3/lib/cucumber/runtime.rb:47:in `run!'
/usr/local/rvm/gems/ruby-1.9.3-p392/gems/cucumber-1.2.3/lib/cucumber/cli/main.rb:43:in `execute!'
/usr/local/rvm/gems/ruby-1.9.3-p392/gems/cucumber-1.2.3/lib/cucumber/cli/main.rb:20:in `execute'
/usr/local/rvm/gems/ruby-1.9.3-p392/gems/cucumber-1.2.3/bin/cucumber:14:in `<top (required)>'
/usr/local/rvm/gems/ruby-1.9.3-p392/bin/cucumber:19:in `load'
/usr/local/rvm/gems/ruby-1.9.3-p392/bin/cucumber:19:in `<main>'
/usr/local/rvm/gems/ruby-1.9.3-p392/bin/ruby_noexec_wrapper:14:in `eval'
/usr/local/rvm/gems/ruby-1.9.3-p392/bin/ruby_noexec_wrapper:14:in `<main>'
features/login.feature:17:in `Given I open '<service>' site for the opco '<opco>' in a logged out state']]>
  </failure>
  <system-out/>
  <system-err/>
</testcase>
<testcase classname="LOGIN" name="Group Login (outline example : | it | nwab | usual_msisdn_2 | usual_password |)" time="0.441835">
  <failure message="failed Group Login (outline example : | it | nwab | usual_msisdn_2 | usual_password |)" type="failed">
    <![CDATA[Scenario Outline: Group Login

Example row: | gb | music | usual_msisdn_2 | usual_password |

Message:
Example row: | ie | contacts | usual_msisdn_2 | usual_password |

Message:
Example row: | ie | nwab | usual_msisdn_2 | usual_password |

Message:
Example row: | ie | contentbackup | usual_msisdn_2 | usual_password |

Message:
Example row: | ie | music | usual_msisdn_2 | usual_password |

Message:
Example row: | it | music | usual_msisdn_2 | usual_password |

Message:
Example row: | it | contacts | usual_msisdn_2 | usual_password |

Message:
Example row: | it | nwab | usual_msisdn_2 | usual_password |

Message:
]]>
    <![CDATA[unexpected response, code=404, content-type=""
unknown command: session/61a9d9f6391e38daf5d133be8708e330/element/name (Selenium::WebDriver::Error::WebDriverError)
/usr/local/rvm/gems/ruby-1.9.3-p392/gems/selenium-webdriver-2.31.0/lib/selenium/webdriver/remote/http/common.rb:66:in `create_response'
/usr/local/rvm/gems/ruby-1.9.3-p392/gems/selenium-webdriver-2.31.0/lib/selenium/webdriver/remote/http/default.rb:66:in `request'
/usr/local/rvm/gems/ruby-1.9.3-p392/gems/selenium-webdriver-2.31.0/lib/selenium/webdriver/remote/http/common.rb:40:in `call'
/usr/local/rvm/gems/ruby-1.9.3-p392/gems/selenium-webdriver-2.31.0/lib/selenium/webdriver/remote/bridge.rb:616:in `raw_execute'
/usr/local/rvm/gems/ruby-1.9.3-p392/gems/selenium-webdriver-2.31.0/lib/selenium/webdriver/remote/bridge.rb:594:in `execute'
/usr/local/rvm/gems/ruby-1.9.3-p392/gems/selenium-webdriver-2.31.0/lib/selenium/webdriver/remote/bridge.rb:493:in `getElementTagName'
/usr/local/rvm/gems/ruby-1.9.3-p392/gems/selenium-webdriver-2.31.0/lib/selenium/webdriver/common/element.rb:68:in `tag_name'
/usr/local/rvm/gems/ruby-1.9.3-p392/gems/watir-webdriver-0.6.2/lib/watir-webdriver/locators/element_locator.rb:387:in `validate_element'
/usr/local/rvm/gems/ruby-1.9.3-p392/gems/watir-webdriver-0.6.2/lib/watir-webdriver/locators/element_locator.rb:37:in `locate'
/usr/local/rvm/gems/ruby-1.9.3-p392/gems/watir-webdriver-0.6.2/lib/watir-webdriver/elements/element.rb:509:in `locate'
/usr/local/rvm/gems/ruby-1.9.3-p392/gems/watir-webdriver-0.6.2/lib/watir-webdriver/elements/element.rb:487:in `assert_exists'
/usr/local/rvm/gems/ruby-1.9.3-p392/gems/watir-webdriver-0.6.2/lib/watir-webdriver/elements/element.rb:118:in `click'
/Users/Subhash/git/automated_tests_web_login_app/features/pages/MockServicePage.rb:13:in `visit'
/Users/Subhash/git/automated_tests_web_login_app/features/step_definitions/loginapp_steps.rb:17:in `block in <top (required)>'
/usr/local/rvm/gems/ruby-1.9.3-p392/gems/cucumber-1.2.3/lib/cucumber/core_ext/instance_exec.rb:48:in `instance_exec'
[...]
/usr/local/rvm/gems/ruby-1.9.3-p392/gems/cucumber-1.2.3/lib/cucumber/ast/examples.rb:22:in `accept'
/usr/local/rvm/gems/ruby-1.9.3-p392/gems/cucumber-1.2.3/lib/cucumber/ast/tree_walker.rb:73:in `block in visit_examples'
/usr/local/rvm/gems/ruby-1.9.3-p392/gems/cucumber-1.2.3/lib/cucumber/ast/tree_walker.rb:163:in `broadcast'
/usr/local/rvm/gems/ruby-1.9.3-p392/gems/cucumber-1.2.3/lib/cucumber/ast/tree_walker.rb:72:in `visit_examples'
/usr/local/rvm/gems/ruby-1.9.3-p392/gems/cucumber-1.2.3/lib/cucumber/ast/scenario_outline.rb:14:in `block in accept'
/usr/local/rvm/gems/ruby-1.9.3-p392/gems/cucumber-1.2.3/lib/cucumber/ast/scenario_outline.rb:13:in `each'
/usr/local/rvm/gems/ruby-1.9.3-p392/gems/cucumber-1.2.3/lib/cucumber/ast/scenario_outline.rb:13:in `accept'
/usr/local/rvm/gems/ruby-1.9.3-p392/gems/cucumber-1.2.3/lib/cucumber/ast/tree_walker.rb:67:in `block in visit_examples_array'
/usr/local/rvm/gems/ruby-1.9.3-p392/gems/cucumber-1.2.3/lib/cucumber/ast/tree_walker.rb:163:in `broadcast'
/usr/local/rvm/gems/ruby-1.9.3-p392/gems/cucumber-1.2.3/lib/cucumber/ast/tree_walker.rb:66:in `visit_examples_array'
/usr/local/rvm/gems/ruby-1.9.3-p392/gems/cucumber-1.2.3/lib/cucumber/ast/scenario_outline.rb:68:in `accept'
/usr/local/rvm/gems/ruby-1.9.3-p392/gems/cucumber-1.2.3/lib/cucumber/ast/tree_walker.rb:51:in `block in visit_feature_element'
/usr/local/rvm/gems/ruby-1.9.3-p392/gems/cucumber-1.2.3/lib/cucumber/ast/tree_walker.rb:163:in `broadcast'
/usr/local/rvm/gems/ruby-1.9.3-p392/gems/cucumber-1.2.3/lib/cucumber/ast/tree_walker.rb:50:in `visit_feature_element'
/usr/local/rvm/gems/ruby-1.9.3-p392/gems/cucumber-1.2.3/lib/cucumber/ast/feature.rb:43:in `block in accept'
/usr/local/rvm/gems/ruby-1.9.3-p392/gems/cucumber-1.2.3/lib/cucumber/ast/feature.rb:42:in `each'
/usr/local/rvm/gems/ruby-1.9.3-p392/gems/cucumber-1.2.3/lib/cucumber/ast/feature.rb:42:in `accept'
/usr/local/rvm/gems/ruby-1.9.3-p392/gems/cucumber-1.2.3/lib/cucumber/ast/tree_walker.rb:20:in `block in visit_feature'
/usr/local/rvm/gems/ruby-1.9.3-p392/gems/cucumber-1.2.3/lib/cucumber/ast/tree_walker.rb:163:in `broadcast'
/usr/local/rvm/gems/ruby-1.9.3-p392/gems/cucumber-1.2.3/lib/cucumber/ast/tree_walker.rb:19:in `visit_feature'
/usr/local/rvm/gems/ruby-1.9.3-p392/gems/cucumber-1.2.3/lib/cucumber/ast/features.rb:29:in `block in accept'
/usr/local/rvm/gems/ruby-1.9.3-p392/gems/cucumber-1.2.3/lib/cucumber/ast/features.rb:17:in `each'
/usr/local/rvm/gems/ruby-1.9.3-p392/gems/cucumber-1.2.3/lib/cucumber/ast/features.rb:17:in `each'
/usr/local/rvm/gems/ruby-1.9.3-p392/gems/cucumber-1.2.3/lib/cucumber/ast/features.rb:28:in `accept'
/usr/local/rvm/gems/ruby-1.9.3-p392/gems/cucumber-1.2.3/lib/cucumber/ast/tree_walker.rb:14:in `block in visit_features'
/usr/local/rvm/gems/ruby-1.9.3-p392/gems/cucumber-1.2.3/lib/cucumber/ast/tree_walker.rb:163:in `broadcast'
/usr/local/rvm/gems/ruby-1.9.3-p392/gems/cucumber-1.2.3/lib/cucumber/ast/tree_walker.rb:13:in `visit_features'
/usr/local/rvm/gems/ruby-1.9.3-p392/gems/cucumber-1.2.3/lib/cucumber/runtime.rb:47:in `run!'
/usr/local/rvm/gems/ruby-1.9.3-p392/gems/cucumber-1.2.3/lib/cucumber/cli/main.rb:43:in `execute!'
/usr/local/rvm/gems/ruby-1.9.3-p392/gems/cucumber-1.2.3/lib/cucumber/cli/main.rb:20:in `execute'
/usr/local/rvm/gems/ruby-1.9.3-p392/gems/cucumber-1.2.3/bin/cucumber:14:in `<top (required)>'
/usr/local/rvm/gems/ruby-1.9.3-p392/bin/cucumber:19:in `load'
/usr/local/rvm/gems/ruby-1.9.3-p392/bin/cucumber:19:in `<main>'
/usr/local/rvm/gems/ruby-1.9.3-p392/bin/ruby_noexec_wrapper:14:in `eval'
/usr/local/rvm/gems/ruby-1.9.3-p392/bin/ruby_noexec_wrapper:14:in `<main>'
features/login.feature:285:in `And I open '<service>' site for the opco 'de' in a logged out state']]>
  </failure>
  <system-out/>
  <system-err/>
</testcase>
<testcase classname="LOGIN" name="DE second Login (outline example : | music | DE_username_1 | DE_password_1 |)" time="1.605461">
  <failure message="failed DE second Login (outline example : | music | DE_username_1 | DE_password_1 |)" type="failed">
    <![CDATA[Scenario Outline: DE second Login

Example row: | mobileprotect | DE_username_1 | DE_password_1 |

Message:
Example row: | music | DE_username_1 | DE_password_1 |

Message:
]]>
    <![CDATA[unexpected response, code=404, content-type=""
unknown command: session/61a9d9f6391e38daf5d133be8708e330/element/name (Selenium::WebDriver::Error::WebDriverError)
/usr/local/rvm/gems/ruby-1.9.3-p392/gems/selenium-webdriver-2.31.0/lib/selenium/webdriver/remote/http/common.rb:66:in `create_response'
/usr/local/rvm/gems/ruby-1.9.3-p392/gems/selenium-webdriver-2.31.0/lib/selenium/webdriver/remote/http/default.rb:66:in `request'
/usr/local/rvm/gems/ruby-1.9.3-p392/gems/selenium-webdriver-2.31.0/lib/selenium/webdriver/remote/http/common.rb:40:in `call'
/usr/local/rvm/gems/ruby-1.9.3-p392/gems/selenium-webdriver-2.31.0/lib/selenium/webdriver/remote/bridge.rb:616:in `raw_execute'
/usr/local/rvm/gems/ruby-1.9.3-p392/gems/selenium-webdriver-2.31.0/lib/selenium/webdriver/remote/bridge.rb:594:in `execute'
/usr/local/rvm/gems/ruby-1.9.3-p392/gems/selenium-webdriver-2.31.0/lib/selenium/webdriver/remote/bridge.rb:493:in `getElementTagName'
/usr/local/rvm/gems/ruby-1.9.3-p392/gems/selenium-webdriver-2.31.0/lib/selenium/webdriver/common/element.rb:68:in `tag_name'
/usr/local/rvm/gems/ruby-1.9.3-p392/gems/watir-webdriver-0.6.2/lib/watir-webdriver/locators/element_locator.rb:387:in `validate_element'
/usr/local/rvm/gems/ruby-1.9.3-p392/gems/watir-webdriver-0.6.2/lib/watir-webdriver/locators/element_locator.rb:37:in `locate'
/usr/local/rvm/gems/ruby-1.9.3-p392/gems/watir-webdriver-0.6.2/lib/watir-webdriver/elements/element.rb:509:in `locate'
/usr/local/rvm/gems/ruby-1.9.3-p392/gems/watir-webdriver-0.6.2/lib/watir-webdriver/elements/element.rb:487:in `assert_exists'
/usr/local/rvm/gems/ruby-1.9.3-p392/gems/watir-webdriver-0.6.2/lib/watir-webdriver/elements/element.rb:118:in `click'
/Users/Subhash/git/automated_tests_web_login_app/features/pages/MockServicePage.rb:13:in `visit'
/Users/Subhash/git/automated_tests_web_login_app/features/step_definitions/loginapp_steps.rb:17:in `block in <top (required)>'
/usr/local/rvm/gems/ruby-1.9.3-p392/gems/cucumber-1.2.3/lib/cucumber/core_ext/instance_exec.rb:48:in `instance_exec'
/usr/local/rvm/gems/ruby-1.9.3-p392/gems/cucumber-1.2.3/lib/cucumber/core_ext/instance_exec.rb:48:in `block in cucumber_instance_exec'
/usr/local/rvm/gems/ruby-1.9.3-p392/gems/cucumber-1.2.3/lib/cucumber/core_ext/instance_exec.rb:69:in `cucumber_run_with_backtrace_filtering'
/usr/local/rvm/gems/ruby-1.9.3-p392/gems/cucumber-1.2.3/lib/cucumber/core_ext/instance_exec.rb:36:in `cucumber_instance_exec'
/usr/local/rvm/gems/ruby-1.9.3-p392/gems/cucumber-1.2.3/lib/cucumber/rb_support/rb_step_definition.rb:97:in `invoke'
/usr/local/rvm/gems/ruby-1.9.3-p392/gems/cucumber-1.2.3/lib/cucumber/step_match.rb:25:in `invoke'
/usr/local/rvm/gems/ruby-1.9.3-p392/gems/cucumber-1.2.3/lib/cucumber/ast/step_invocation.rb:60:in `invoke'
/usr/local/rvm/gems/ruby-1.9.3-p392/gems/cucumber-1.2.3/lib/cucumber/ast/outline_table.rb:119:in `block (2 levels) in accept_plain'
/usr/local/rvm/gems/ruby-1.9.3-p392/gems/cucumber-1.2.3/lib/cucumber/ast/step_collection.rb:37:in `each'
/usr/local/rvm/gems/ruby-1.9.3-p392/gems/cucumber-1.2.3/lib/cucumber/ast/step_collection.rb:37:in `each'
/usr/local/rvm/gems/ruby-1.9.3-p392/gems/cucumber-1.2.3/lib/cucumber/ast/outline_table.rb:118:in `block in accept_plain'
/usr/local/rvm/gems/ruby-1.9.3-p392/gems/cucumber-1.2.3/lib/cucumber/runtime.rb:81:in `block (2 levels) in with_hooks'
/usr/local/rvm/gems/ruby-1.9.3-p392/gems/cucumber-1.2.3/lib/cucumber/runtime.rb:97:in `before_and_after'
/usr/local/rvm/gems/ruby-1.9.3-p392/gems/cucumber-1.2.3/lib/cucumber/runtime.rb:80:in `block in with_hooks'
/usr/local/rvm/gems/ruby-1.9.3-p392/gems/cucumber-1.2.3/lib/cucumber/runtime/support_code.rb:120:in `call'
/usr/local/rvm/gems/ruby-1.9.3-p392/gems/cucumber-1.2.3/lib/cucumber/runtime/support_code.rb:120:in `block (3 levels) in around'
/usr/local/rvm/gems/ruby-1.9.3-p392/gems/cucumber-1.2.3/lib/cucumber/language_support/language_methods.rb:9:in `block in around'
/usr/local/rvm/gems/ruby-1.9.3-p392/gems/cucumber-1.2.3/lib/cucumber/language_support/language_methods.rb:91:in `call'
/usr/local/rvm/gems/ruby-1.9.3-p392/gems/cucumber-1.2.3/lib/cucumber/language_support/language_methods.rb:91:in `execute_around'
/usr/local/rvm/gems/ruby-1.9.3-p392/gems/cucumber-1.2.3/lib/cucumber/language_support/language_methods.rb:8:in `around'
/usr/local/rvm/gems/ruby-1.9.3-p392/gems/cucumber-1.2.3/lib/cucumber/runtime/support_code.rb:119:in `block (2 levels) in around'
/usr/local/rvm/gems/ruby-1.9.3-p392/gems/cucumber-1.2.3/lib/cucumber/runtime/support_code.rb:117:in `call'
/usr/local/rvm/gems/ruby-1.9.3-p392/gems/cucumber-1.2.3/lib/cucumber/runtime/support_code.rb:117:in `around'
/usr/local/rvm/gems/ruby-1.9.3-p392/gems/cucumber-1.2.3/lib/cucumber/runtime.rb:92:in `around'
/usr/local/rvm/gems/ruby-1.9.3-p392/gems/cucumber-1.2.3/lib/cucumber/runtime.rb:79:in `with_hooks'
/usr/local/rvm/gems/ruby-1.9.3-p392/gems/cucumber-1.2.3/lib/cucumber/ast/outline_table.rb:117:in `accept_plain'
/usr/local/rvm/gems/ruby-1.9.3-p392/gems/cucumber-1.2.3/lib/cucumber/ast/outline_table.rb:107:in `accept'
/usr/local/rvm/gems/ruby-1.9.3-p392/gems/cucumber-1.2.3/lib/cucumber/ast/tree_walker.rb:131:in `block in visit_table_row'
/usr/local/rvm/gems/ruby-1.9.3-p392/gems/cucumber-1.2.3/lib/cucumber/ast/tree_walker.rb:163:in `broadcast'
/usr/local/rvm/gems/ruby-1.9.3-p392/gems/cucumber-1.2.3/lib/cucumber/ast/tree_walker.rb:130:in `visit_table_row'
/usr/local/rvm/gems/ruby-1.9.3-p392/gems/cucumber-1.2.3/lib/cucumber/ast/outline_table.rb:27:in `block in accept'
/usr/local/rvm/gems/ruby-1.9.3-p392/gems/cucumber-1.2.3/lib/cucumber/ast/outline_table.rb:23:in `each'
/usr/local/rvm/gems/ruby-1.9.3-p392/gems/cucumber-1.2.3/lib/cucumber/ast/outline_table.rb:23:in `each_with_index'
/usr/local/rvm/gems/ruby-1.9.3-p392/gems/cucumber-1.2.3/lib/cucumber/ast/outline_table.rb:23:in `accept'
/usr/local/rvm/gems/ruby-1.9.3-p392/gems/cucumber-1.2.3/lib/cucumber/ast/tree_walker.rb:83:in `block in visit_outline_table'
/usr/local/rvm/gems/ruby-1.9.3-p392/gems/cucumber-1.2.3/lib/cucumber/ast/tree_walker.rb:163:in `broadcast'
/usr/local/rvm/gems/ruby-1.9.3-p392/gems/cucumber-1.2.3/lib/cucumber/ast/tree_walker.rb:82:in `visit_outline_table'
/usr/local/rvm/gems/ruby-1.9.3-p392/gems/cucumber-1.2.3/lib/cucumber/ast/examples.rb:22:in `accept'
/usr/local/rvm/gems/ruby-1.9.3-p392/gems/cucumber-1.2.3/lib/cucumber/ast/tree_walker.rb:73:in `block in visit_examples'
/usr/local/rvm/gems/ruby-1.9.3-p392/gems/cucumber-1.2.3/lib/cucumber/ast/tree_walker.rb:163:in `broadcast'
/usr/local/rvm/gems/ruby-1.9.3-p392/gems/cucumber-1.2.3/lib/cucumber/ast/tree_walker.rb:72:in `visit_examples'
/usr/local/rvm/gems/ruby-1.9.3-p392/gems/cucumber-1.2.3/lib/cucumber/ast/scenario_outline.rb:14:in `block in accept'
/usr/local/rvm/gems/ruby-1.9.3-p392/gems/cucumber-1.2.3/lib/cucumber/ast/scenario_outline.rb:13:in `each'
/usr/local/rvm/gems/ruby-1.9.3-p392/gems/cucumber-1.2.3/lib/cucumber/ast/scenario_outline.rb:13:in `accept'
/usr/local/rvm/gems/ruby-1.9.3-p392/gems/cucumber-1.2.3/lib/cucumber/ast/tree_walker.rb:67:in `block in visit_examples_array'
/usr/local/rvm/gems/ruby-1.9.3-p392/gems/cucumber-1.2.3/lib/cucumber/ast/tree_walker.rb:163:in `broadcast'
/usr/local/rvm/gems/ruby-1.9.3-p392/gems/cucumber-1.2.3/lib/cucumber/ast/tree_walker.rb:66:in `visit_examples_array'
/usr/local/rvm/gems/ruby-1.9.3-p392/gems/cucumber-1.2.3/lib/cucumber/ast/scenario_outline.rb:68:in `accept'
/usr/local/rvm/gems/ruby-1.9.3-p392/gems/cucumber-1.2.3/lib/cucumber/ast/tree_walker.rb:51:in `block in visit_feature_element'
/usr/local/rvm/gems/ruby-1.9.3-p392/gems/cucumber-1.2.3/lib/cucumber/ast/tree_walker.rb:163:in `broadcast'
/usr/local/rvm/gems/ruby-1.9.3-p392/gems/cucumber-1.2.3/lib/cucumber/ast/tree_walker.rb:50:in `visit_feature_element'
/usr/local/rvm/gems/ruby-1.9.3-p392/gems/cucumber-1.2.3/lib/cucumber/ast/feature.rb:43:in `block in accept'
/usr/local/rvm/gems/ruby-1.9.3-p392/gems/cucumber-1.2.3/lib/cucumber/ast/feature.rb:42:in `each'
/usr/local/rvm/gems/ruby-1.9.3-p392/gems/cucumber-1.2.3/lib/cucumber/ast/feature.rb:42:in `accept'
/usr/local/rvm/gems/ruby-1.9.3-p392/gems/cucumber-1.2.3/lib/cucumber/ast/tree_walker.rb:20:in `block in visit_feature'
/usr/local/rvm/gems/ruby-1.9.3-p392/gems/cucumber-1.2.3/lib/cucumber/ast/tree_walker.rb:163:in `broadcast'
/usr/local/rvm/gems/ruby-1.9.3-p392/gems/cucumber-1.2.3/lib/cucumber/ast/tree_walker.rb:19:in `visit_feature'
/usr/local/rvm/gems/ruby-1.9.3-p392/gems/cucumber-1.2.3/lib/cucumber/ast/features.rb:29:in `block in accept'
/usr/local/rvm/gems/ruby-1.9.3-p392/gems/cucumber-1.2.3/lib/cucumber/ast/features.rb:17:in `each'
/usr/local/rvm/gems/ruby-1.9.3-p392/gems/cucumber-1.2.3/lib/cucumber/ast/features.rb:17:in `each'
/usr/local/rvm/gems/ruby-1.9.3-p392/gems/cucumber-1.2.3/lib/cucumber/ast/features.rb:28:in `accept'
/usr/local/rvm/gems/ruby-1.9.3-p392/gems/cucumber-1.2.3/lib/cucumber/ast/tree_walker.rb:14:in `block in visit_features'
/usr/local/rvm/gems/ruby-1.9.3-p392/gems/cucumber-1.2.3/lib/cucumber/ast/tree_walker.rb:163:in `broadcast'
/usr/local/rvm/gems/ruby-1.9.3-p392/gems/cucumber-1.2.3/lib/cucumber/ast/tree_walker.rb:13:in `visit_features'
/usr/local/rvm/gems/ruby-1.9.3-p392/gems/cucumber-1.2.3/lib/cucumber/runtime.rb:47:in `run!'
/usr/local/rvm/gems/ruby-1.9.3-p392/gems/cucumber-1.2.3/lib/cucumber/cli/main.rb:43:in `execute!'
/usr/local/rvm/gems/ruby-1.9.3-p392/gems/cucumber-1.2.3/lib/cucumber/cli/main.rb:20:in `execute'
/usr/local/rvm/gems/ruby-1.9.3-p392/gems/cucumber-1.2.3/bin/cucumber:14:in `<top (required)>'
/usr/local/rvm/gems/ruby-1.9.3-p392/bin/cucumber:19:in `load'
/usr/local/rvm/gems/ruby-1.9.3-p392/bin/cucumber:19:in `<main>'
/usr/local/rvm/gems/ruby-1.9.3-p392/bin/ruby_noexec_wrapper:14:in `eval'
/usr/local/rvm/gems/ruby-1.9.3-p392/bin/ruby_noexec_wrapper:14:in `<main>'
features/login.feature:285:in `And I open '<service>' site for the opco 'de' in a logged out state']]>
  </failure>
  <system-out/>
  <system-err/>
</testcase>
<testcase classname="LOGIN" name="Login function fails due to invalid credentials" time="1.350545">
  <failure message="failed Login function fails due to invalid credentials" type="failed">
    <![CDATA[Scenario: Login function fails due to invalid credentials

Given I open 'music' site for the opco 'gb'
And I click logout if necessary
And I see login cookie not present
And I go to login page
When I login with '+44792028580611111' as user name and 'Password11111' as password
Then I see login failure message
And I should not see login cookie present

Message:
]]>
    <![CDATA[unexpected response, code=404, content-type=""
unknown command: session/61a9d9f6391e38daf5d133be8708e330/element/name (Selenium::WebDriver::Error::WebDriverError)
/usr/local/rvm/gems/ruby-1.9.3-p392/gems/selenium-webdriver-2.31.0/lib/selenium/webdriver/remote/http/common.rb:66:in `create_response'
/usr/local/rvm/gems/ruby-1.9.3-p392/gems/selenium-webdriver-2.31.0/lib/selenium/webdriver/remote/http/default.rb:66:in `request'
/usr/local/rvm/gems/ruby-1.9.3-p392/gems/selenium-webdriver-2.31.0/lib/selenium/webdriver/remote/http/common.rb:40:in `call'
/usr/local/rvm/gems/ruby-1.9.3-p392/gems/selenium-webdriver-2.31.0/lib/selenium/webdriver/remote/bridge.rb:616:in `raw_execute'
/usr/local/rvm/gems/ruby-1.9.3-p392/gems/selenium-webdriver-2.31.0/lib/selenium/webdriver/remote/bridge.rb:594:in `execute'
/usr/local/rvm/gems/ruby-1.9.3-p392/gems/selenium-webdriver-2.31.0/lib/selenium/webdriver/remote/bridge.rb:493:in `getElementTagName'
/usr/local/rvm/gems/ruby-1.9.3-p392/gems/selenium-webdriver-2.31.0/lib/selenium/webdriver/common/element.rb:68:in `tag_name'
/usr/local/rvm/gems/ruby-1.9.3-p392/gems/watir-webdriver-0.6.2/lib/watir-webdriver/locators/element_locator.rb:387:in `validate_element'
/usr/local/rvm/gems/ruby-1.9.3-p392/gems/watir-webdriver-0.6.2/lib/watir-webdriver/locators/element_locator.rb:37:in `locate'
/usr/local/rvm/gems/ruby-1.9.3-p392/gems/watir-webdriver-0.6.2/lib/watir-webdriver/elements/element.rb:509:in `locate'
/usr/local/rvm/gems/ruby-1.9.3-p392/gems/watir-webdriver-0.6.2/lib/watir-webdriver/elements/element.rb:487:in `assert_exists'
/usr/local/rvm/gems/ruby-1.9.3-p392/gems/watir-webdriver-0.6.2/lib/watir-webdriver/elements/element.rb:118:in `click'
/Users/Subhash/git/automated_tests_web_login_app/features/pages/MockServicePage.rb:13:in `visit'
/Users/Subhash/git/automated_tests_web_login_app/features/step_definitions/loginapp_steps.rb:12:in `block in <top (required)>'
/usr/local/rvm/gems/ruby-1.9.3-p392/bin/cucumber:19:in `load'
/usr/local/rvm/gems/ruby-1.9.3-p392/bin/cucumber:19:in `<main>'
/usr/local/rvm/gems/ruby-1.9.3-p392/bin/ruby_noexec_wrapper:14:in `eval'
/usr/local/rvm/gems/ruby-1.9.3-p392/bin/ruby_noexec_wrapper:14:in `<main>'
features/login.feature:301:in `Given I open 'music' site for the opco 'gb'']]>
  </failure>
  <system-out/>
  <system-err/>
</testcase>
<testcase classname="LOGIN" name="Show password checkbox" time="1.331922">
  <failure message="failed Show password checkbox" type="failed">
    <![CDATA[Scenario: Show password checkbox

Given I open 'nwab' site for the opco 'ie' in a logged out state
And I go to login page
When I enter 'Something' in the password field

Message:
]]>
    <![CDATA[unexpected response, code=404, content-type=""
unknown command: session/61a9d9f6391e38daf5d133be8708e330/element/name (Selenium::WebDriver::Error::WebDriverError)
/usr/local/rvm/gems/ruby-1.9.3-p392/gems/selenium-webdriver-2.31.0/lib/selenium/webdriver/remote/http/common.rb:66:in `create_response'
/usr/local/rvm/gems/ruby-1.9.3-p392/gems/selenium-webdriver-2.31.0/lib/selenium/webdriver/remote/http/default.rb:66:in `request'
/usr/local/rvm/gems/ruby-1.9.3-p392/gems/selenium-webdriver-2.31.0/lib/selenium/webdriver/remote/http/common.rb:40:in `call'
/usr/local/rvm/gems/ruby-1.9.3-p392/gems/selenium-webdriver-2.31.0/lib/selenium/webdriver/remote/bridge.rb:616:in `raw_execute'
/usr/local/rvm/gems/ruby-1.9.3-p392/gems/selenium-webdriver-2.31.0/lib/selenium/webdriver/remote/bridge.rb:594:in `execute'
/usr/local/rvm/gems/ruby-1.9.3-p392/gems/selenium-webdriver-2.31.0/lib/selenium/webdriver/remote/bridge.rb:493:in `getElementTagName'
/usr/local/rvm/gems/ruby-1.9.3-p392/gems/selenium-webdriver-2.31.0/lib/selenium/webdriver/common/element.rb:68:in `tag_name'
/usr/local/rvm/gems/ruby-1.9.3-p392/gems/watir-webdriver-0.6.2/lib/watir-webdriver/locators/element_locator.rb:387:in `validate_element'
/usr/local/rvm/gems/ruby-1.9.3-p392/gems/watir-webdriver-0.6.2/lib/watir-webdriver/locators/element_locator.rb:37:in `locate'
/usr/local/rvm/gems/ruby-1.9.3-p392/gems/watir-webdriver-0.6.2/lib/watir-webdriver/elements/element.rb:509:in `locate'
/usr/local/rvm/gems/ruby-1.9.3-p392/gems/watir-webdriver-0.6.2/lib/watir-webdriver/elements/element.rb:487:in `assert_exists'
/usr/local/rvm/gems/ruby-1.9.3-p392/gems/watir-webdriver-0.6.2/lib/watir-webdriver/elements/element.rb:118:in `click'
/Users/Subhash/git/automated_tests_web_login_app/features/pages/MockServicePage.rb:13:in `visit'
/Users/Subhash/git/automated_tests_web_login_app/features/step_definitions/loginapp_steps.rb:17:in `block in <top (required)>'
/usr/local/rvm/gems/ruby-1.9.3-p392/bin/cucumber:19:in `load'
/usr/local/rvm/gems/ruby-1.9.3-p392/bin/cucumber:19:in `<main>'
/usr/local/rvm/gems/ruby-1.9.3-p392/bin/ruby_noexec_wrapper:14:in `eval'
/usr/local/rvm/gems/ruby-1.9.3-p392/bin/ruby_noexec_wrapper:14:in `<main>'
features/login.feature:311:in `Given I open 'nwab' site for the opco 'ie' in a logged out state']]>
  </failure>
  <system-out/>
  <system-err/>
</testcase>
  <system-out>
    <![CDATA["Didnt find msisdn=351910859349"
"Didnt find msisdn=351910859349"
]]>
  </system-out>
  <system-err>
    <![CDATA[]]>
  </system-err>
</testsuite>
